2020-05-07 21:16:52,403/INFO-[conection to mysql server ... OK]
2020-05-07 21:16:52,448/INFO-[init_connection ... OK]
2020-05-07 21:17:59,799-INFO-[conection to mysql server ... OK]
2020-05-07 21:17:59,842-INFO-[init_connection ... OK]
2020-05-08 16:50:15,925-INFO-[conection to mysql server ... OK]
2020-05-08 16:50:15,967-INFO-[init_connection ... OK]
2020-05-08 16:50:30,400-INFO-[conection to mysql server ... OK]
2020-05-08 16:50:30,445-INFO-[init_connection ... OK]
2020-05-08 16:55:49,961-INFO-[conection to mysql server ... OK]
2020-05-08 16:55:50,004-INFO-[init_connection ... OK]
2020-05-08 16:56:00,285-INFO-[conection to mysql server ... OK]
2020-05-08 16:56:00,329-INFO-[init_connection ... OK]
2020-05-08 16:56:04,171-INFO-[conection to mysql server ... OK]
2020-05-08 16:56:04,215-INFO-[init_connection ... OK]
2020-05-08 16:57:14,996-INFO-[conection to mysql server ... OK]
2020-05-08 16:57:15,037-INFO-[init_connection ... OK]
2020-05-08 16:57:15,079-ERROR-[add_user ... KO ]
2020-05-08 16:57:15,079-ERROR-[The error '1146 (42S02): Table 'projet_annuel.INTOuser' doesn't exist' occurred]
2020-05-08 16:58:31,876-INFO-[conection to mysql server ... OK]
2020-05-08 16:58:31,919-INFO-[init_connection ... OK]
2020-05-08 16:58:31,983-ERROR-[add_user ... KO ]
2020-05-08 16:58:31,984-ERROR-[The error '1146 (42S02): Table 'projet_annuel.INTOuser' doesn't exist' occurred]
2020-05-08 17:00:05,382-INFO-[conection to mysql server ... OK]
2020-05-08 17:00:05,426-INFO-[init_connection ... OK]
2020-05-08 17:00:05,495-INFO-[add_user ... OK]
2020-05-08 17:01:08,668-INFO-[conection to mysql server ... OK]
2020-05-08 17:01:08,712-INFO-[init_connection ... OK]
2020-05-08 17:01:08,777-ERROR-[add_user ... KO ]
2020-05-08 17:01:08,777-ERROR-[The error '1146 (42S02): Table 'projet_annuel.INTOuser' doesn't exist' occurred]
2020-05-08 17:02:02,413-INFO-[conection to mysql server ... OK]
2020-05-08 17:02:02,455-INFO-[init_connection ... OK]
2020-05-08 17:02:02,517-ERROR-[add_user ... KO ]
2020-05-08 17:02:02,517-ERROR-[The error '1146 (42S02): Table 'projet_annuel.INTOuser' doesn't exist' occurred]
2020-05-08 17:02:32,883-INFO-[conection to mysql server ... OK]
2020-05-08 17:02:32,926-INFO-[init_connection ... OK]
2020-05-08 17:02:32,989-ERROR-[add_user ... KO ]
2020-05-08 17:02:32,990-ERROR-[The error '1146 (42S02): Table 'projet_annuel.INTOuser' doesn't exist' occurred]
2020-05-08 17:02:44,170-INFO-[conection to mysql server ... OK]
2020-05-08 17:02:44,214-INFO-[init_connection ... OK]
2020-05-08 17:02:44,279-ERROR-[add_user ... KO ]
2020-05-08 17:02:44,279-ERROR-[The error '1146 (42S02): Table 'projet_annuel.INTOuser' doesn't exist' occurred]
2020-05-08 17:03:26,435-INFO-[conection to mysql server ... OK]
2020-05-08 17:03:26,477-INFO-[init_connection ... OK]
2020-05-08 17:03:26,540-ERROR-[add_user ... KO ]
2020-05-08 17:03:26,540-ERROR-[The error '1146 (42S02): Table 'projet_annuel.INTOuser' doesn't exist' occurred]
2020-05-08 17:03:38,837-INFO-[conection to mysql server ... OK]
2020-05-08 17:03:38,881-INFO-[init_connection ... OK]
2020-05-08 17:03:38,945-INFO-[add_user ... OK]
2020-05-08 17:07:32,391-INFO-[conection to mysql server ... OK]
2020-05-08 17:07:32,438-INFO-[init_connection ... OK]
2020-05-08 17:08:43,959-INFO-[conection to mysql server ... OK]
2020-05-08 17:08:44,002-INFO-[init_connection ... OK]
2020-05-08 17:09:10,828-INFO-[conection to mysql server ... OK]
2020-05-08 17:09:10,873-INFO-[init_connection ... OK]
2020-05-08 17:09:10,940-INFO-[add_user ... OK]
2020-05-08 17:09:11,166-INFO-[conection to mysql server ... OK]
2020-05-08 17:09:11,166-INFO-[conection to mysql server ... OK]
2020-05-08 17:09:11,217-INFO-[init_connection ... OK]
2020-05-08 17:09:11,217-INFO-[init_connection ... OK]
2020-05-08 17:09:50,348-INFO-[conection to mysql server ... OK]
2020-05-08 17:09:50,391-INFO-[init_connection ... OK]
2020-05-08 17:09:50,455-INFO-[add_user ... OK]
2020-05-08 17:09:50,686-INFO-[conection to mysql server ... OK]
2020-05-08 17:09:50,686-INFO-[conection to mysql server ... OK]
2020-05-08 17:09:50,730-INFO-[init_connection ... OK]
2020-05-08 17:09:50,730-INFO-[init_connection ... OK]
2020-05-08 17:09:50,797-ERROR-[add_admin ... KO ]
2020-05-08 17:09:50,797-ERROR-[add_admin ... KO ]
2020-05-08 17:09:50,798-ERROR-[The error '1064 (42000): You have an error in your SQL syntax; check the manual that corresponds to your MySQL server version for the right syntax to use near ') VALUES ('nom','prenom','email','password','2020-02-01' )' at line 1' occurred]
2020-05-08 17:09:50,798-ERROR-[The error '1064 (42000): You have an error in your SQL syntax; check the manual that corresponds to your MySQL server version for the right syntax to use near ') VALUES ('nom','prenom','email','password','2020-02-01' )' at line 1' occurred]
2020-05-08 17:10:25,398-INFO-[conection to mysql server ... OK]
2020-05-08 17:10:25,438-INFO-[init_connection ... OK]
2020-05-08 17:10:25,498-INFO-[add_user ... OK]
2020-05-08 17:10:25,712-INFO-[conection to mysql server ... OK]
2020-05-08 17:10:25,712-INFO-[conection to mysql server ... OK]
2020-05-08 17:10:25,753-INFO-[init_connection ... OK]
2020-05-08 17:10:25,753-INFO-[init_connection ... OK]
2020-05-08 17:10:25,815-INFO-[add_admin ... OK]
2020-05-08 17:10:25,815-INFO-[add_admin ... OK]
2020-05-08 17:10:32,831-INFO-[conection to mysql server ... OK]
2020-05-08 17:10:32,871-INFO-[init_connection ... OK]
2020-05-08 17:10:32,933-INFO-[add_user ... OK]
2020-05-08 17:10:33,142-INFO-[conection to mysql server ... OK]
2020-05-08 17:10:33,142-INFO-[conection to mysql server ... OK]
2020-05-08 17:10:33,186-INFO-[init_connection ... OK]
2020-05-08 17:10:33,186-INFO-[init_connection ... OK]
2020-05-08 17:10:33,250-INFO-[add_admin ... OK]
2020-05-08 17:10:33,250-INFO-[add_admin ... OK]
2020-05-08 17:12:52,508-INFO-[conection to mysql server ... OK]
2020-05-08 17:12:52,553-INFO-[init_connection ... OK]
2020-05-08 17:12:52,621-INFO-[add_user ... OK]
2020-05-08 17:12:52,848-INFO-[conection to mysql server ... OK]
2020-05-08 17:12:52,848-INFO-[conection to mysql server ... OK]
2020-05-08 17:12:52,891-INFO-[init_connection ... OK]
2020-05-08 17:12:52,891-INFO-[init_connection ... OK]
2020-05-08 17:12:52,935-INFO-[add_admin ... OK]
2020-05-08 17:12:52,935-INFO-[add_admin ... OK]
2020-05-08 17:16:51,089-INFO-[conection to mysql server ... OK]
2020-05-08 17:16:51,134-INFO-[init_connection ... OK]
2020-05-08 17:16:51,202-INFO-[add_user ... OK]
2020-05-08 17:16:51,446-INFO-[conection to mysql server ... OK]
2020-05-08 17:16:51,446-INFO-[conection to mysql server ... OK]
2020-05-08 17:16:51,489-INFO-[init_connection ... OK]
2020-05-08 17:16:51,489-INFO-[init_connection ... OK]
2020-05-08 17:16:51,530-INFO-[add_admin ... OK]
2020-05-08 17:16:51,530-INFO-[add_admin ... OK]
2020-05-08 17:17:01,476-INFO-[conection to mysql server ... OK]
2020-05-08 17:17:01,523-INFO-[init_connection ... OK]
2020-05-08 17:17:01,591-INFO-[add_user ... OK]
2020-05-08 17:17:01,838-INFO-[conection to mysql server ... OK]
2020-05-08 17:17:01,838-INFO-[conection to mysql server ... OK]
2020-05-08 17:17:01,881-INFO-[init_connection ... OK]
2020-05-08 17:17:01,881-INFO-[init_connection ... OK]
2020-05-08 17:17:01,923-INFO-[add_admin ... OK]
2020-05-08 17:17:01,923-INFO-[add_admin ... OK]
2020-05-08 17:37:19,906-INFO-[conection to mysql server ... OK]
2020-05-08 17:37:19,950-INFO-[init_connection ... OK]
2020-05-08 17:37:20,017-INFO-[add_user ... OK]
2020-05-08 17:37:20,269-INFO-[conection to mysql server ... OK]
2020-05-08 17:37:20,269-INFO-[conection to mysql server ... OK]
2020-05-08 17:37:20,312-INFO-[init_connection ... OK]
2020-05-08 17:37:20,312-INFO-[init_connection ... OK]
2020-05-08 17:37:20,356-INFO-[add_admin ... OK]
2020-05-08 17:37:20,356-INFO-[add_admin ... OK]
2020-05-08 17:37:30,695-INFO-[conection to mysql server ... OK]
2020-05-08 17:37:30,738-INFO-[init_connection ... OK]
2020-05-08 17:37:30,802-INFO-[add_user ... OK]
2020-05-08 17:37:31,048-INFO-[conection to mysql server ... OK]
2020-05-08 17:37:31,048-INFO-[conection to mysql server ... OK]
2020-05-08 17:37:31,090-INFO-[init_connection ... OK]
2020-05-08 17:37:31,090-INFO-[init_connection ... OK]
2020-05-08 17:37:31,133-INFO-[add_admin ... OK]
2020-05-08 17:37:31,133-INFO-[add_admin ... OK]
2020-05-08 17:38:04,540-INFO-[conection to mysql server ... OK]
2020-05-08 17:38:04,583-INFO-[init_connection ... OK]
2020-05-08 17:38:04,647-INFO-[add_user ... OK]
2020-05-08 17:38:04,893-INFO-[conection to mysql server ... OK]
2020-05-08 17:38:04,893-INFO-[conection to mysql server ... OK]
2020-05-08 17:38:04,935-INFO-[init_connection ... OK]
2020-05-08 17:38:04,935-INFO-[init_connection ... OK]
2020-05-08 17:38:04,976-INFO-[add_admin ... OK]
2020-05-08 17:38:04,976-INFO-[add_admin ... OK]
2020-05-08 17:38:10,037-INFO-[conection to mysql server ... OK]
2020-05-08 17:38:10,080-INFO-[init_connection ... OK]
2020-05-08 17:38:10,145-ERROR-[add_user ... KO ]
2020-05-08 17:38:10,145-ERROR-[The error '1062 (23000): Duplicate entry 'email' for key 'PRIMARY'' occurred]
2020-05-08 17:38:10,407-INFO-[conection to mysql server ... OK]
2020-05-08 17:38:10,407-INFO-[conection to mysql server ... OK]
2020-05-08 17:38:10,452-INFO-[init_connection ... OK]
2020-05-08 17:38:10,452-INFO-[init_connection ... OK]
2020-05-08 17:38:10,497-ERROR-[add_admin ... KO ]
2020-05-08 17:38:10,497-ERROR-[add_admin ... KO ]
2020-05-08 17:38:10,498-ERROR-[The error '1062 (23000): Duplicate entry 'email' for key 'PRIMARY'' occurred]
2020-05-08 17:38:10,498-ERROR-[The error '1062 (23000): Duplicate entry 'email' for key 'PRIMARY'' occurred]
2020-05-13 14:22:30,944-INFO-[conection to mysql server ... OK]
2020-05-13 14:22:30,996-INFO-[init_connection ... OK]
2020-05-13 14:22:31,062-ERROR-[add_user ... KO ]
2020-05-13 14:22:31,062-ERROR-[The error '1062 (23000): Duplicate entry 'email' for key 'PRIMARY'' occurred]
2020-05-13 14:22:31,319-INFO-[conection to mysql server ... OK]
2020-05-13 14:22:31,319-INFO-[conection to mysql server ... OK]
2020-05-13 14:22:31,363-INFO-[init_connection ... OK]
2020-05-13 14:22:31,363-INFO-[init_connection ... OK]
2020-05-13 14:22:31,408-ERROR-[add_admin ... KO ]
2020-05-13 14:22:31,408-ERROR-[add_admin ... KO ]
2020-05-13 14:22:31,408-ERROR-[The error '1062 (23000): Duplicate entry 'email' for key 'PRIMARY'' occurred]
2020-05-13 14:22:31,408-ERROR-[The error '1062 (23000): Duplicate entry 'email' for key 'PRIMARY'' occurred]
2020-05-13 14:22:31,649-INFO-[conection to mysql server ... OK]
2020-05-13 14:22:31,649-INFO-[conection to mysql server ... OK]
2020-05-13 14:22:31,649-INFO-[conection to mysql server ... OK]
2020-05-13 14:22:31,691-INFO-[init_connection ... OK]
2020-05-13 14:22:31,691-INFO-[init_connection ... OK]
2020-05-13 14:22:31,691-INFO-[init_connection ... OK]
2020-05-13 14:22:31,734-ERROR-[add_entry ... KO ]
2020-05-13 14:22:31,734-ERROR-[add_entry ... KO ]
2020-05-13 14:22:31,734-ERROR-[add_entry ... KO ]
2020-05-13 14:22:31,734-ERROR-[The error '1146 (42S02): Table 'projet_annuel.history' doesn't exist' occurred]
2020-05-13 14:22:31,734-ERROR-[The error '1146 (42S02): Table 'projet_annuel.history' doesn't exist' occurred]
2020-05-13 14:22:31,734-ERROR-[The error '1146 (42S02): Table 'projet_annuel.history' doesn't exist' occurred]
2020-05-13 14:25:06,059-INFO-[conection to mysql server ... OK]
2020-05-13 14:25:06,101-INFO-[init_connection ... OK]
2020-05-13 14:25:06,164-ERROR-[add_user ... KO ]
2020-05-13 14:25:06,164-ERROR-[The error '1062 (23000): Duplicate entry 'email' for key 'PRIMARY'' occurred]
2020-05-13 14:25:06,408-INFO-[conection to mysql server ... OK]
2020-05-13 14:25:06,408-INFO-[conection to mysql server ... OK]
2020-05-13 14:25:06,451-INFO-[init_connection ... OK]
2020-05-13 14:25:06,451-INFO-[init_connection ... OK]
2020-05-13 14:25:06,495-ERROR-[add_admin ... KO ]
2020-05-13 14:25:06,495-ERROR-[add_admin ... KO ]
2020-05-13 14:25:06,495-ERROR-[The error '1062 (23000): Duplicate entry 'email' for key 'PRIMARY'' occurred]
2020-05-13 14:25:06,495-ERROR-[The error '1062 (23000): Duplicate entry 'email' for key 'PRIMARY'' occurred]
2020-05-13 14:25:06,704-INFO-[conection to mysql server ... OK]
2020-05-13 14:25:06,704-INFO-[conection to mysql server ... OK]
2020-05-13 14:25:06,704-INFO-[conection to mysql server ... OK]
2020-05-13 14:25:06,745-INFO-[init_connection ... OK]
2020-05-13 14:25:06,745-INFO-[init_connection ... OK]
2020-05-13 14:25:06,745-INFO-[init_connection ... OK]
2020-05-13 14:25:06,786-INFO-[add_entry ... OK]
2020-05-13 14:25:06,786-INFO-[add_entry ... OK]
2020-05-13 14:25:06,786-INFO-[add_entry ... OK]
2020-05-13 14:25:33,249-INFO-[conection to mysql server ... OK]
2020-05-13 14:25:33,290-INFO-[init_connection ... OK]
2020-05-13 14:25:33,352-ERROR-[add_user ... KO ]
2020-05-13 14:25:33,353-ERROR-[The error '1062 (23000): Duplicate entry 'email' for key 'PRIMARY'' occurred]
2020-05-13 14:25:33,585-INFO-[conection to mysql server ... OK]
2020-05-13 14:25:33,585-INFO-[conection to mysql server ... OK]
2020-05-13 14:25:33,629-INFO-[init_connection ... OK]
2020-05-13 14:25:33,629-INFO-[init_connection ... OK]
2020-05-13 14:25:33,672-ERROR-[add_admin ... KO ]
2020-05-13 14:25:33,672-ERROR-[add_admin ... KO ]
2020-05-13 14:25:33,672-ERROR-[The error '1062 (23000): Duplicate entry 'email' for key 'PRIMARY'' occurred]
2020-05-13 14:25:33,672-ERROR-[The error '1062 (23000): Duplicate entry 'email' for key 'PRIMARY'' occurred]
2020-05-13 14:25:33,943-INFO-[conection to mysql server ... OK]
2020-05-13 14:25:33,943-INFO-[conection to mysql server ... OK]
2020-05-13 14:25:33,943-INFO-[conection to mysql server ... OK]
2020-05-13 14:25:33,985-INFO-[init_connection ... OK]
2020-05-13 14:25:33,985-INFO-[init_connection ... OK]
2020-05-13 14:25:33,985-INFO-[init_connection ... OK]
2020-05-13 14:25:34,030-ERROR-[add_entry ... KO ]
2020-05-13 14:25:34,030-ERROR-[add_entry ... KO ]
2020-05-13 14:25:34,030-ERROR-[add_entry ... KO ]
2020-05-13 14:25:34,030-ERROR-[The error '1062 (23000): Duplicate entry 'email' for key 'PRIMARY'' occurred]
2020-05-13 14:25:34,030-ERROR-[The error '1062 (23000): Duplicate entry 'email' for key 'PRIMARY'' occurred]
2020-05-13 14:25:34,030-ERROR-[The error '1062 (23000): Duplicate entry 'email' for key 'PRIMARY'' occurred]
2020-05-13 14:25:47,808-INFO-[conection to mysql server ... OK]
2020-05-13 14:25:47,853-INFO-[init_connection ... OK]
2020-05-13 14:25:47,919-ERROR-[add_user ... KO ]
2020-05-13 14:25:47,919-ERROR-[The error '1062 (23000): Duplicate entry 'email' for key 'PRIMARY'' occurred]
2020-05-13 14:25:48,161-INFO-[conection to mysql server ... OK]
2020-05-13 14:25:48,161-INFO-[conection to mysql server ... OK]
2020-05-13 14:25:48,206-INFO-[init_connection ... OK]
2020-05-13 14:25:48,206-INFO-[init_connection ... OK]
2020-05-13 14:25:48,251-ERROR-[add_admin ... KO ]
2020-05-13 14:25:48,251-ERROR-[add_admin ... KO ]
2020-05-13 14:25:48,252-ERROR-[The error '1062 (23000): Duplicate entry 'email' for key 'PRIMARY'' occurred]
2020-05-13 14:25:48,252-ERROR-[The error '1062 (23000): Duplicate entry 'email' for key 'PRIMARY'' occurred]
2020-05-13 14:25:48,476-INFO-[conection to mysql server ... OK]
2020-05-13 14:25:48,476-INFO-[conection to mysql server ... OK]
2020-05-13 14:25:48,476-INFO-[conection to mysql server ... OK]
2020-05-13 14:25:48,520-INFO-[init_connection ... OK]
2020-05-13 14:25:48,520-INFO-[init_connection ... OK]
2020-05-13 14:25:48,520-INFO-[init_connection ... OK]
2020-05-13 14:25:48,563-ERROR-[add_entry ... KO ]
2020-05-13 14:25:48,563-ERROR-[add_entry ... KO ]
2020-05-13 14:25:48,563-ERROR-[add_entry ... KO ]
2020-05-13 14:25:48,564-ERROR-[The error '1062 (23000): Duplicate entry 'email' for key 'PRIMARY'' occurred]
2020-05-13 14:25:48,564-ERROR-[The error '1062 (23000): Duplicate entry 'email' for key 'PRIMARY'' occurred]
2020-05-13 14:25:48,564-ERROR-[The error '1062 (23000): Duplicate entry 'email' for key 'PRIMARY'' occurred]
2020-05-13 14:25:59,782-INFO-[conection to mysql server ... OK]
2020-05-13 14:25:59,830-INFO-[init_connection ... OK]
2020-05-13 14:25:59,898-ERROR-[add_user ... KO ]
2020-05-13 14:25:59,899-ERROR-[The error '1062 (23000): Duplicate entry 'email' for key 'PRIMARY'' occurred]
2020-05-13 14:26:00,279-INFO-[conection to mysql server ... OK]
2020-05-13 14:26:00,279-INFO-[conection to mysql server ... OK]
2020-05-13 14:26:00,322-INFO-[init_connection ... OK]
2020-05-13 14:26:00,322-INFO-[init_connection ... OK]
2020-05-13 14:26:00,368-ERROR-[add_admin ... KO ]
2020-05-13 14:26:00,368-ERROR-[add_admin ... KO ]
2020-05-13 14:26:00,368-ERROR-[The error '1062 (23000): Duplicate entry 'email' for key 'PRIMARY'' occurred]
2020-05-13 14:26:00,368-ERROR-[The error '1062 (23000): Duplicate entry 'email' for key 'PRIMARY'' occurred]
2020-05-13 14:26:00,626-INFO-[conection to mysql server ... OK]
2020-05-13 14:26:00,626-INFO-[conection to mysql server ... OK]
2020-05-13 14:26:00,626-INFO-[conection to mysql server ... OK]
2020-05-13 14:26:00,670-INFO-[init_connection ... OK]
2020-05-13 14:26:00,670-INFO-[init_connection ... OK]
2020-05-13 14:26:00,670-INFO-[init_connection ... OK]
2020-05-13 14:26:00,715-ERROR-[add_entry ... KO ]
2020-05-13 14:26:00,715-ERROR-[add_entry ... KO ]
2020-05-13 14:26:00,715-ERROR-[add_entry ... KO ]
2020-05-13 14:26:00,715-ERROR-[The error '1062 (23000): Duplicate entry 'email' for key 'PRIMARY'' occurred]
2020-05-13 14:26:00,715-ERROR-[The error '1062 (23000): Duplicate entry 'email' for key 'PRIMARY'' occurred]
2020-05-13 14:26:00,715-ERROR-[The error '1062 (23000): Duplicate entry 'email' for key 'PRIMARY'' occurred]
2020-05-13 14:28:05,177-INFO-[conection to mysql server ... OK]
2020-05-13 14:28:05,221-INFO-[init_connection ... OK]
2020-05-13 14:28:05,287-ERROR-[add_user ... KO ]
2020-05-13 14:28:05,288-ERROR-[The error '1062 (23000): Duplicate entry 'email' for key 'PRIMARY'' occurred]
2020-05-13 14:28:05,527-INFO-[conection to mysql server ... OK]
2020-05-13 14:28:05,527-INFO-[conection to mysql server ... OK]
2020-05-13 14:28:05,569-INFO-[init_connection ... OK]
2020-05-13 14:28:05,569-INFO-[init_connection ... OK]
2020-05-13 14:28:05,611-ERROR-[add_admin ... KO ]
2020-05-13 14:28:05,611-ERROR-[add_admin ... KO ]
2020-05-13 14:28:05,612-ERROR-[The error '1062 (23000): Duplicate entry 'email' for key 'PRIMARY'' occurred]
2020-05-13 14:28:05,612-ERROR-[The error '1062 (23000): Duplicate entry 'email' for key 'PRIMARY'' occurred]
2020-05-13 14:28:05,859-INFO-[conection to mysql server ... OK]
2020-05-13 14:28:05,859-INFO-[conection to mysql server ... OK]
2020-05-13 14:28:05,859-INFO-[conection to mysql server ... OK]
2020-05-13 14:28:05,902-INFO-[init_connection ... OK]
2020-05-13 14:28:05,902-INFO-[init_connection ... OK]
2020-05-13 14:28:05,902-INFO-[init_connection ... OK]
2020-05-13 14:28:05,945-INFO-[add_entry ... OK]
2020-05-13 14:28:05,945-INFO-[add_entry ... OK]
2020-05-13 14:28:05,945-INFO-[add_entry ... OK]
2020-05-13 14:28:25,151-INFO-[conection to mysql server ... OK]
2020-05-13 14:28:25,194-INFO-[init_connection ... OK]
2020-05-13 14:28:25,260-ERROR-[add_user ... KO ]
2020-05-13 14:28:25,260-ERROR-[The error '1062 (23000): Duplicate entry 'email' for key 'PRIMARY'' occurred]
2020-05-13 14:28:25,514-INFO-[conection to mysql server ... OK]
2020-05-13 14:28:25,514-INFO-[conection to mysql server ... OK]
2020-05-13 14:28:25,559-INFO-[init_connection ... OK]
2020-05-13 14:28:25,559-INFO-[init_connection ... OK]
2020-05-13 14:28:25,604-ERROR-[add_admin ... KO ]
2020-05-13 14:28:25,604-ERROR-[add_admin ... KO ]
2020-05-13 14:28:25,604-ERROR-[The error '1062 (23000): Duplicate entry 'email' for key 'PRIMARY'' occurred]
2020-05-13 14:28:25,604-ERROR-[The error '1062 (23000): Duplicate entry 'email' for key 'PRIMARY'' occurred]
2020-05-13 14:28:25,859-INFO-[conection to mysql server ... OK]
2020-05-13 14:28:25,859-INFO-[conection to mysql server ... OK]
2020-05-13 14:28:25,859-INFO-[conection to mysql server ... OK]
2020-05-13 14:28:25,902-INFO-[init_connection ... OK]
2020-05-13 14:28:25,902-INFO-[init_connection ... OK]
2020-05-13 14:28:25,902-INFO-[init_connection ... OK]
2020-05-13 14:28:25,945-INFO-[add_entry ... OK]
2020-05-13 14:28:25,945-INFO-[add_entry ... OK]
2020-05-13 14:28:25,945-INFO-[add_entry ... OK]
2020-05-13 14:29:07,533-INFO-[conection to mysql server ... OK]
2020-05-13 14:29:07,578-INFO-[init_connection ... OK]
2020-05-13 14:29:07,647-ERROR-[add_user ... KO ]
2020-05-13 14:29:07,647-ERROR-[The error '1062 (23000): Duplicate entry 'email' for key 'PRIMARY'' occurred]
2020-05-13 14:29:07,899-INFO-[conection to mysql server ... OK]
2020-05-13 14:29:07,899-INFO-[conection to mysql server ... OK]
2020-05-13 14:29:07,944-INFO-[init_connection ... OK]
2020-05-13 14:29:07,944-INFO-[init_connection ... OK]
2020-05-13 14:29:07,989-ERROR-[add_admin ... KO ]
2020-05-13 14:29:07,989-ERROR-[add_admin ... KO ]
2020-05-13 14:29:07,989-ERROR-[The error '1062 (23000): Duplicate entry 'email' for key 'PRIMARY'' occurred]
2020-05-13 14:29:07,989-ERROR-[The error '1062 (23000): Duplicate entry 'email' for key 'PRIMARY'' occurred]
2020-05-13 14:29:08,232-INFO-[conection to mysql server ... OK]
2020-05-13 14:29:08,232-INFO-[conection to mysql server ... OK]
2020-05-13 14:29:08,232-INFO-[conection to mysql server ... OK]
2020-05-13 14:29:08,274-INFO-[init_connection ... OK]
2020-05-13 14:29:08,274-INFO-[init_connection ... OK]
2020-05-13 14:29:08,274-INFO-[init_connection ... OK]
2020-05-13 14:29:08,317-INFO-[add_entry ... OK]
2020-05-13 14:29:08,317-INFO-[add_entry ... OK]
2020-05-13 14:29:08,317-INFO-[add_entry ... OK]
2020-05-13 14:29:20,457-INFO-[conection to mysql server ... OK]
2020-05-13 14:29:20,499-INFO-[init_connection ... OK]
2020-05-13 14:29:20,562-ERROR-[add_user ... KO ]
2020-05-13 14:29:20,562-ERROR-[The error '1062 (23000): Duplicate entry 'email' for key 'PRIMARY'' occurred]
2020-05-13 14:29:20,801-INFO-[conection to mysql server ... OK]
2020-05-13 14:29:20,801-INFO-[conection to mysql server ... OK]
2020-05-13 14:29:20,842-INFO-[init_connection ... OK]
2020-05-13 14:29:20,842-INFO-[init_connection ... OK]
2020-05-13 14:29:20,885-ERROR-[add_admin ... KO ]
2020-05-13 14:29:20,885-ERROR-[add_admin ... KO ]
2020-05-13 14:29:20,885-ERROR-[The error '1062 (23000): Duplicate entry 'email' for key 'PRIMARY'' occurred]
2020-05-13 14:29:20,885-ERROR-[The error '1062 (23000): Duplicate entry 'email' for key 'PRIMARY'' occurred]
2020-05-13 14:29:21,119-INFO-[conection to mysql server ... OK]
2020-05-13 14:29:21,119-INFO-[conection to mysql server ... OK]
2020-05-13 14:29:21,119-INFO-[conection to mysql server ... OK]
2020-05-13 14:29:21,161-INFO-[init_connection ... OK]
2020-05-13 14:29:21,161-INFO-[init_connection ... OK]
2020-05-13 14:29:21,161-INFO-[init_connection ... OK]
2020-05-13 14:29:21,203-INFO-[add_entry ... OK]
2020-05-13 14:29:21,203-INFO-[add_entry ... OK]
2020-05-13 14:29:21,203-INFO-[add_entry ... OK]
2020-05-13 14:30:08,887-INFO-[conection to mysql server ... OK]
2020-05-13 14:30:08,932-INFO-[init_connection ... OK]
2020-05-13 14:30:09,001-ERROR-[add_user ... KO ]
2020-05-13 14:30:09,001-ERROR-[The error '1062 (23000): Duplicate entry 'email' for key 'PRIMARY'' occurred]
2020-05-13 14:30:09,250-INFO-[conection to mysql server ... OK]
2020-05-13 14:30:09,250-INFO-[conection to mysql server ... OK]
2020-05-13 14:30:09,294-INFO-[init_connection ... OK]
2020-05-13 14:30:09,294-INFO-[init_connection ... OK]
2020-05-13 14:30:09,339-ERROR-[add_admin ... KO ]
2020-05-13 14:30:09,339-ERROR-[add_admin ... KO ]
2020-05-13 14:30:09,339-ERROR-[The error '1062 (23000): Duplicate entry 'email' for key 'PRIMARY'' occurred]
2020-05-13 14:30:09,339-ERROR-[The error '1062 (23000): Duplicate entry 'email' for key 'PRIMARY'' occurred]
2020-05-13 14:30:09,586-INFO-[conection to mysql server ... OK]
2020-05-13 14:30:09,586-INFO-[conection to mysql server ... OK]
2020-05-13 14:30:09,586-INFO-[conection to mysql server ... OK]
2020-05-13 14:30:09,630-INFO-[init_connection ... OK]
2020-05-13 14:30:09,630-INFO-[init_connection ... OK]
2020-05-13 14:30:09,630-INFO-[init_connection ... OK]
2020-05-13 14:30:09,673-INFO-[add_entry ... OK]
2020-05-13 14:30:09,673-INFO-[add_entry ... OK]
2020-05-13 14:30:09,673-INFO-[add_entry ... OK]
2020-05-13 14:30:18,106-INFO-[conection to mysql server ... OK]
2020-05-13 14:30:18,149-INFO-[init_connection ... OK]
2020-05-13 14:30:18,214-ERROR-[add_user ... KO ]
2020-05-13 14:30:18,214-ERROR-[The error '1062 (23000): Duplicate entry 'email' for key 'PRIMARY'' occurred]
2020-05-13 14:30:18,468-INFO-[conection to mysql server ... OK]
2020-05-13 14:30:18,468-INFO-[conection to mysql server ... OK]
2020-05-13 14:30:18,512-INFO-[init_connection ... OK]
2020-05-13 14:30:18,512-INFO-[init_connection ... OK]
2020-05-13 14:30:18,558-ERROR-[add_admin ... KO ]
2020-05-13 14:30:18,558-ERROR-[add_admin ... KO ]
2020-05-13 14:30:18,558-ERROR-[The error '1062 (23000): Duplicate entry 'email' for key 'PRIMARY'' occurred]
2020-05-13 14:30:18,558-ERROR-[The error '1062 (23000): Duplicate entry 'email' for key 'PRIMARY'' occurred]
2020-05-13 14:30:18,783-INFO-[conection to mysql server ... OK]
2020-05-13 14:30:18,783-INFO-[conection to mysql server ... OK]
2020-05-13 14:30:18,783-INFO-[conection to mysql server ... OK]
2020-05-13 14:30:18,828-INFO-[init_connection ... OK]
2020-05-13 14:30:18,828-INFO-[init_connection ... OK]
2020-05-13 14:30:18,828-INFO-[init_connection ... OK]
2020-05-13 14:30:18,873-INFO-[add_entry ... OK]
2020-05-13 14:30:18,873-INFO-[add_entry ... OK]
2020-05-13 14:30:18,873-INFO-[add_entry ... OK]
2020-05-13 14:31:08,179-INFO-[conection to mysql server ... OK]
2020-05-13 14:31:08,225-INFO-[init_connection ... OK]
2020-05-13 14:31:08,293-ERROR-[add_user ... KO ]
2020-05-13 14:31:08,293-ERROR-[The error '1062 (23000): Duplicate entry 'email' for key 'PRIMARY'' occurred]
2020-05-13 14:31:08,525-INFO-[conection to mysql server ... OK]
2020-05-13 14:31:08,525-INFO-[conection to mysql server ... OK]
2020-05-13 14:31:08,568-INFO-[init_connection ... OK]
2020-05-13 14:31:08,568-INFO-[init_connection ... OK]
2020-05-13 14:31:08,611-ERROR-[add_admin ... KO ]
2020-05-13 14:31:08,611-ERROR-[add_admin ... KO ]
2020-05-13 14:31:08,611-ERROR-[The error '1062 (23000): Duplicate entry 'email' for key 'PRIMARY'' occurred]
2020-05-13 14:31:08,611-ERROR-[The error '1062 (23000): Duplicate entry 'email' for key 'PRIMARY'' occurred]
2020-05-13 14:31:08,862-INFO-[conection to mysql server ... OK]
2020-05-13 14:31:08,862-INFO-[conection to mysql server ... OK]
2020-05-13 14:31:08,862-INFO-[conection to mysql server ... OK]
2020-05-13 14:31:08,907-INFO-[init_connection ... OK]
2020-05-13 14:31:08,907-INFO-[init_connection ... OK]
2020-05-13 14:31:08,907-INFO-[init_connection ... OK]
2020-05-13 14:31:08,952-INFO-[add_entry ... OK]
2020-05-13 14:31:08,952-INFO-[add_entry ... OK]
2020-05-13 14:31:08,952-INFO-[add_entry ... OK]
2020-05-13 14:33:01,504-INFO-[conection to mysql server ... OK]
2020-05-13 14:33:01,548-INFO-[init_connection ... OK]
2020-05-13 14:33:01,614-ERROR-[add_user ... KO ]
2020-05-13 14:33:01,614-ERROR-[The error '1062 (23000): Duplicate entry 'email' for key 'PRIMARY'' occurred]
2020-05-13 14:33:01,857-INFO-[conection to mysql server ... OK]
2020-05-13 14:33:01,857-INFO-[conection to mysql server ... OK]
2020-05-13 14:33:01,899-INFO-[init_connection ... OK]
2020-05-13 14:33:01,899-INFO-[init_connection ... OK]
2020-05-13 14:33:01,941-ERROR-[add_admin ... KO ]
2020-05-13 14:33:01,941-ERROR-[add_admin ... KO ]
2020-05-13 14:33:01,941-ERROR-[The error '1062 (23000): Duplicate entry 'email' for key 'PRIMARY'' occurred]
2020-05-13 14:33:01,941-ERROR-[The error '1062 (23000): Duplicate entry 'email' for key 'PRIMARY'' occurred]
2020-05-13 14:33:02,175-INFO-[conection to mysql server ... OK]
2020-05-13 14:33:02,175-INFO-[conection to mysql server ... OK]
2020-05-13 14:33:02,175-INFO-[conection to mysql server ... OK]
2020-05-13 14:33:02,217-INFO-[init_connection ... OK]
2020-05-13 14:33:02,217-INFO-[init_connection ... OK]
2020-05-13 14:33:02,217-INFO-[init_connection ... OK]
2020-05-13 14:33:02,260-INFO-[add_entry ... OK]
2020-05-13 14:33:02,260-INFO-[add_entry ... OK]
2020-05-13 14:33:02,260-INFO-[add_entry ... OK]
2020-05-13 14:33:10,768-INFO-[conection to mysql server ... OK]
2020-05-13 14:33:10,809-INFO-[init_connection ... OK]
2020-05-13 14:33:10,871-ERROR-[add_user ... KO ]
2020-05-13 14:33:10,871-ERROR-[The error '1062 (23000): Duplicate entry 'email' for key 'PRIMARY'' occurred]
2020-05-13 14:33:11,092-INFO-[conection to mysql server ... OK]
2020-05-13 14:33:11,092-INFO-[conection to mysql server ... OK]
2020-05-13 14:33:11,133-INFO-[init_connection ... OK]
2020-05-13 14:33:11,133-INFO-[init_connection ... OK]
2020-05-13 14:33:11,175-ERROR-[add_admin ... KO ]
2020-05-13 14:33:11,175-ERROR-[add_admin ... KO ]
2020-05-13 14:33:11,175-ERROR-[The error '1062 (23000): Duplicate entry 'email' for key 'PRIMARY'' occurred]
2020-05-13 14:33:11,175-ERROR-[The error '1062 (23000): Duplicate entry 'email' for key 'PRIMARY'' occurred]
2020-05-13 14:33:11,468-INFO-[conection to mysql server ... OK]
2020-05-13 14:33:11,468-INFO-[conection to mysql server ... OK]
2020-05-13 14:33:11,468-INFO-[conection to mysql server ... OK]
2020-05-13 14:33:11,526-INFO-[init_connection ... OK]
2020-05-13 14:33:11,526-INFO-[init_connection ... OK]
2020-05-13 14:33:11,526-INFO-[init_connection ... OK]
2020-05-13 14:33:11,579-INFO-[add_entry ... OK]
2020-05-13 14:33:11,579-INFO-[add_entry ... OK]
2020-05-13 14:33:11,579-INFO-[add_entry ... OK]
2020-05-19 15:59:08,226-INFO-[conection to mysql server ... OK]
2020-05-19 15:59:08,340-INFO-[init_connection ... OK]
2020-05-19 15:59:08,411-ERROR-[add_user ... KO ]
2020-05-19 15:59:08,411-ERROR-[The error '1062 (23000): Duplicate entry 'email' for key 'PRIMARY'' occurred]
2020-05-19 15:59:08,649-INFO-[conection to mysql server ... OK]
2020-05-19 15:59:08,649-INFO-[conection to mysql server ... OK]
2020-05-19 15:59:08,693-INFO-[init_connection ... OK]
2020-05-19 15:59:08,693-INFO-[init_connection ... OK]
2020-05-19 15:59:08,737-ERROR-[add_admin ... KO ]
2020-05-19 15:59:08,737-ERROR-[add_admin ... KO ]
2020-05-19 15:59:08,737-ERROR-[The error '1062 (23000): Duplicate entry 'email' for key 'PRIMARY'' occurred]
2020-05-19 15:59:08,737-ERROR-[The error '1062 (23000): Duplicate entry 'email' for key 'PRIMARY'' occurred]
2020-05-19 15:59:08,959-INFO-[conection to mysql server ... OK]
2020-05-19 15:59:08,959-INFO-[conection to mysql server ... OK]
2020-05-19 15:59:08,959-INFO-[conection to mysql server ... OK]
2020-05-19 15:59:09,006-INFO-[init_connection ... OK]
2020-05-19 15:59:09,006-INFO-[init_connection ... OK]
2020-05-19 15:59:09,006-INFO-[init_connection ... OK]
2020-05-19 15:59:09,051-INFO-[add_entry ... OK]
2020-05-19 15:59:09,051-INFO-[add_entry ... OK]
2020-05-19 15:59:09,051-INFO-[add_entry ... OK]
2020-05-26 02:22:05,238-INFO-[conection to mysql server ... OK]
2020-05-26 02:22:05,302-INFO-[init_connection ... OK]
2020-05-26 02:22:05,364-INFO-[add_user ... OK]
2020-05-26 02:33:15,537-INFO-[conection to mysql server ... OK]
2020-05-26 02:33:15,578-INFO-[init_connection ... OK]
2020-05-26 02:33:15,639-INFO-[add_user ... OK]
2020-05-26 02:33:49,815-INFO-[conection to mysql server ... OK]
2020-05-26 02:33:49,860-INFO-[init_connection ... OK]
2020-05-26 02:33:49,928-ERROR-[add_user ... KO ]
2020-05-26 02:33:49,929-ERROR-[The error '1062 (23000): Duplicate entry '' for key 'PRIMARY'' occurred]
2020-05-26 03:22:55,661-INFO-[conection to mysql server ... OK]
2020-05-26 03:22:55,706-INFO-[init_connection ... OK]
2020-05-26 03:22:55,771-INFO-[add_user ... OK]
2020-05-26 19:56:03,821-INFO-[conection to mysql server ... OK]
2020-05-26 19:56:03,948-INFO-[init_connection ... OK]
2020-05-26 19:56:04,014-INFO-[add_user ... OK]
2020-05-26 20:00:39,201-INFO-[conection to mysql server ... OK]
2020-05-26 20:00:39,243-INFO-[init_connection ... OK]
2020-05-26 20:00:39,306-ERROR-[add_user ... KO ]
2020-05-26 20:00:39,306-ERROR-[The error '1062 (23000): Duplicate entry 'email' for key 'PRIMARY'' occurred]
2020-05-26 20:01:08,228-ERROR-[conection to mysql server ... KO ]
2020-05-26 20:01:08,228-ERROR-[conection to mysql server ... KO ]
2020-05-26 20:01:08,229-ERROR-[The error '2005 (HY000): Unknown MySQL server host 'database-2.crvchwkms0wy.eu-west-1.rds.amazonaws.com' (2)' occurred]
2020-05-26 20:01:08,229-ERROR-[The error '2005 (HY000): Unknown MySQL server host 'database-2.crvchwkms0wy.eu-west-1.rds.amazonaws.com' (2)' occurred]
2020-05-26 20:01:12,651-ERROR-[conection to mysql server ... KO ]
2020-05-26 20:01:12,651-ERROR-[conection to mysql server ... KO ]
2020-05-26 20:01:12,651-ERROR-[conection to mysql server ... KO ]
2020-05-26 20:01:12,651-ERROR-[The error '2005 (HY000): Unknown MySQL server host 'database-2.crvchwkms0wy.eu-west-1.rds.amazonaws.com' (2)' occurred]
2020-05-26 20:01:12,651-ERROR-[The error '2005 (HY000): Unknown MySQL server host 'database-2.crvchwkms0wy.eu-west-1.rds.amazonaws.com' (2)' occurred]
2020-05-26 20:01:12,651-ERROR-[The error '2005 (HY000): Unknown MySQL server host 'database-2.crvchwkms0wy.eu-west-1.rds.amazonaws.com' (2)' occurred]
2020-05-26 20:14:44,785-ERROR-[conection to mysql server ... KO ]
2020-05-26 20:14:44,785-ERROR-[conection to mysql server ... KO ]
2020-05-26 20:14:44,785-ERROR-[conection to mysql server ... KO ]
2020-05-26 20:14:44,785-ERROR-[conection to mysql server ... KO ]
2020-05-26 20:14:44,785-ERROR-[The error '2005 (HY000): Unknown MySQL server host 'database-2.crvchwkms0wy.eu-west-1.rds.amazonaws.com' (2)' occurred]
2020-05-26 20:14:44,785-ERROR-[The error '2005 (HY000): Unknown MySQL server host 'database-2.crvchwkms0wy.eu-west-1.rds.amazonaws.com' (2)' occurred]
2020-05-26 20:14:44,785-ERROR-[The error '2005 (HY000): Unknown MySQL server host 'database-2.crvchwkms0wy.eu-west-1.rds.amazonaws.com' (2)' occurred]
2020-05-26 20:14:44,785-ERROR-[The error '2005 (HY000): Unknown MySQL server host 'database-2.crvchwkms0wy.eu-west-1.rds.amazonaws.com' (2)' occurred]
2020-05-26 20:24:28,008-INFO-[conection to mysql server ... OK]
2020-05-26 20:24:28,050-INFO-[init_connection ... OK]
2020-05-26 20:24:28,114-INFO-[add_user ... OK]
2020-05-26 20:24:37,854-INFO-[conection to mysql server ... OK]
2020-05-26 20:24:37,854-INFO-[conection to mysql server ... OK]
2020-05-26 20:24:37,912-INFO-[init_connection ... OK]
2020-05-26 20:24:37,912-INFO-[init_connection ... OK]
2020-05-26 20:24:37,989-INFO-[add_user ... OK]
2020-05-26 20:24:37,989-INFO-[add_user ... OK]
2020-05-26 20:31:28,823-INFO-[conection to mysql server ... OK]
2020-05-26 20:31:28,867-INFO-[init_connection ... OK]
2020-05-26 20:31:28,933-INFO-[add_user ... OK]
2020-05-26 20:31:38,658-INFO-[conection to mysql server ... OK]
2020-05-26 20:31:38,658-INFO-[conection to mysql server ... OK]
2020-05-26 20:31:38,700-INFO-[init_connection ... OK]
2020-05-26 20:31:38,700-INFO-[init_connection ... OK]
2020-05-26 20:31:38,764-INFO-[add_user ... OK]
2020-05-26 20:31:38,764-INFO-[add_user ... OK]
2020-05-26 20:31:40,375-INFO-[conection to mysql server ... OK]
2020-05-26 20:31:40,375-INFO-[conection to mysql server ... OK]
2020-05-26 20:31:40,375-INFO-[conection to mysql server ... OK]
2020-05-26 20:31:40,420-INFO-[init_connection ... OK]
2020-05-26 20:31:40,420-INFO-[init_connection ... OK]
2020-05-26 20:31:40,420-INFO-[init_connection ... OK]
2020-05-26 20:31:40,489-INFO-[add_user ... OK]
2020-05-26 20:31:40,489-INFO-[add_user ... OK]
2020-05-26 20:31:40,489-INFO-[add_user ... OK]
2020-05-26 21:01:17,219-INFO-[conection to mysql server ... OK]
2020-05-26 21:01:17,263-INFO-[init_connection ... OK]
2020-05-26 21:01:17,328-INFO-[add_user ... OK]
2020-05-27 01:30:09,197-INFO-[conection to mysql server ... OK]
2020-05-27 01:30:09,241-INFO-[init_connection ... OK]
2020-05-27 01:30:09,308-INFO-[add_user ... OK]
2020-05-27 01:30:19,096-INFO-[conection to mysql server ... OK]
2020-05-27 01:30:19,096-INFO-[conection to mysql server ... OK]
2020-05-27 01:30:19,139-INFO-[init_connection ... OK]
2020-05-27 01:30:19,139-INFO-[init_connection ... OK]
2020-05-27 01:30:19,204-INFO-[add_user ... OK]
2020-05-27 01:30:19,204-INFO-[add_user ... OK]
2020-05-27 01:30:22,273-INFO-[conection to mysql server ... OK]
2020-05-27 01:30:22,273-INFO-[conection to mysql server ... OK]
2020-05-27 01:30:22,273-INFO-[conection to mysql server ... OK]
2020-05-27 01:30:22,321-INFO-[init_connection ... OK]
2020-05-27 01:30:22,321-INFO-[init_connection ... OK]
2020-05-27 01:30:22,321-INFO-[init_connection ... OK]
2020-05-27 01:30:22,398-INFO-[add_user ... OK]
2020-05-27 01:30:22,398-INFO-[add_user ... OK]
2020-05-27 01:30:22,398-INFO-[add_user ... OK]
2020-05-27 01:30:24,248-INFO-[conection to mysql server ... OK]
2020-05-27 01:30:24,248-INFO-[conection to mysql server ... OK]
2020-05-27 01:30:24,248-INFO-[conection to mysql server ... OK]
2020-05-27 01:30:24,248-INFO-[conection to mysql server ... OK]
2020-05-27 01:30:24,292-INFO-[init_connection ... OK]
2020-05-27 01:30:24,292-INFO-[init_connection ... OK]
2020-05-27 01:30:24,292-INFO-[init_connection ... OK]
2020-05-27 01:30:24,292-INFO-[init_connection ... OK]
2020-05-27 01:30:24,368-INFO-[add_user ... OK]
2020-05-27 01:30:24,368-INFO-[add_user ... OK]
2020-05-27 01:30:24,368-INFO-[add_user ... OK]
2020-05-27 01:30:24,368-INFO-[add_user ... OK]
2020-05-27 01:30:28,534-INFO-[conection to mysql server ... OK]
2020-05-27 01:30:28,534-INFO-[conection to mysql server ... OK]
2020-05-27 01:30:28,534-INFO-[conection to mysql server ... OK]
2020-05-27 01:30:28,534-INFO-[conection to mysql server ... OK]
2020-05-27 01:30:28,534-INFO-[conection to mysql server ... OK]
2020-05-27 01:30:28,579-INFO-[init_connection ... OK]
2020-05-27 01:30:28,579-INFO-[init_connection ... OK]
2020-05-27 01:30:28,579-INFO-[init_connection ... OK]
2020-05-27 01:30:28,579-INFO-[init_connection ... OK]
2020-05-27 01:30:28,579-INFO-[init_connection ... OK]
2020-05-27 01:30:28,646-INFO-[add_user ... OK]
2020-05-27 01:30:28,646-INFO-[add_user ... OK]
2020-05-27 01:30:28,646-INFO-[add_user ... OK]
2020-05-27 01:30:28,646-INFO-[add_user ... OK]
2020-05-27 01:30:28,646-INFO-[add_user ... OK]
2020-05-27 01:30:30,079-INFO-[conection to mysql server ... OK]
2020-05-27 01:30:30,079-INFO-[conection to mysql server ... OK]
2020-05-27 01:30:30,079-INFO-[conection to mysql server ... OK]
2020-05-27 01:30:30,079-INFO-[conection to mysql server ... OK]
2020-05-27 01:30:30,079-INFO-[conection to mysql server ... OK]
2020-05-27 01:30:30,079-INFO-[conection to mysql server ... OK]
2020-05-27 01:30:30,126-INFO-[init_connection ... OK]
2020-05-27 01:30:30,126-INFO-[init_connection ... OK]
2020-05-27 01:30:30,126-INFO-[init_connection ... OK]
2020-05-27 01:30:30,126-INFO-[init_connection ... OK]
2020-05-27 01:30:30,126-INFO-[init_connection ... OK]
2020-05-27 01:30:30,126-INFO-[init_connection ... OK]
2020-05-27 01:30:30,190-INFO-[add_user ... OK]
2020-05-27 01:30:30,190-INFO-[add_user ... OK]
2020-05-27 01:30:30,190-INFO-[add_user ... OK]
2020-05-27 01:30:30,190-INFO-[add_user ... OK]
2020-05-27 01:30:30,190-INFO-[add_user ... OK]
2020-05-27 01:30:30,190-INFO-[add_user ... OK]
2020-05-27 01:33:19,112-INFO-[conection to mysql server ... OK]
2020-05-27 01:33:19,156-INFO-[init_connection ... OK]
2020-05-27 01:33:19,221-INFO-[add_user ... OK]
2020-05-27 01:34:37,725-INFO-[conection to mysql server ... OK]
2020-05-27 01:34:37,769-INFO-[init_connection ... OK]
2020-05-27 01:34:37,835-INFO-[add_user ... OK]
2020-05-27 01:34:47,003-INFO-[conection to mysql server ... OK]
2020-05-27 01:34:47,003-INFO-[conection to mysql server ... OK]
2020-05-27 01:34:47,046-INFO-[init_connection ... OK]
2020-05-27 01:34:47,046-INFO-[init_connection ... OK]
2020-05-27 01:34:47,120-INFO-[add_user ... OK]
2020-05-27 01:34:47,120-INFO-[add_user ... OK]
2020-05-27 01:34:54,655-INFO-[conection to mysql server ... OK]
2020-05-27 01:34:54,655-INFO-[conection to mysql server ... OK]
2020-05-27 01:34:54,655-INFO-[conection to mysql server ... OK]
2020-05-27 01:34:54,700-INFO-[init_connection ... OK]
2020-05-27 01:34:54,700-INFO-[init_connection ... OK]
2020-05-27 01:34:54,700-INFO-[init_connection ... OK]
2020-05-27 01:34:54,768-INFO-[add_user ... OK]
2020-05-27 01:34:54,768-INFO-[add_user ... OK]
2020-05-27 01:34:54,768-INFO-[add_user ... OK]
2020-05-27 01:34:55,054-INFO-[conection to mysql server ... OK]
2020-05-27 01:34:55,054-INFO-[conection to mysql server ... OK]
2020-05-27 01:34:55,054-INFO-[conection to mysql server ... OK]
2020-05-27 01:34:55,054-INFO-[conection to mysql server ... OK]
2020-05-27 01:34:55,100-INFO-[init_connection ... OK]
2020-05-27 01:34:55,100-INFO-[init_connection ... OK]
2020-05-27 01:34:55,100-INFO-[init_connection ... OK]
2020-05-27 01:34:55,100-INFO-[init_connection ... OK]
2020-05-27 01:34:55,146-INFO-[add_entry ... OK]
2020-05-27 01:34:55,146-INFO-[add_entry ... OK]
2020-05-27 01:34:55,146-INFO-[add_entry ... OK]
2020-05-27 01:34:55,146-INFO-[add_entry ... OK]
2020-05-27 01:36:54,540-INFO-[conection to mysql server ... OK]
2020-05-27 01:36:54,583-INFO-[init_connection ... OK]
2020-05-27 01:36:54,654-INFO-[add_user ... OK]
2020-05-27 01:36:55,015-INFO-[conection to mysql server ... OK]
2020-05-27 01:36:55,015-INFO-[conection to mysql server ... OK]
2020-05-27 01:36:55,072-INFO-[init_connection ... OK]
2020-05-27 01:36:55,072-INFO-[init_connection ... OK]
2020-05-27 01:36:55,130-INFO-[add_entry ... OK]
2020-05-27 01:36:55,130-INFO-[add_entry ... OK]
2020-05-27 01:41:22,191-INFO-[conection to mysql server ... OK]
2020-05-27 01:41:22,232-INFO-[init_connection ... OK]
2020-05-27 01:41:22,297-INFO-[add_user ... OK]
2020-05-27 01:41:22,646-INFO-[conection to mysql server ... OK]
2020-05-27 01:41:22,646-INFO-[conection to mysql server ... OK]
2020-05-27 01:41:22,693-INFO-[init_connection ... OK]
2020-05-27 01:41:22,693-INFO-[init_connection ... OK]
2020-05-27 01:41:22,738-INFO-[add_entry ... OK]
2020-05-27 01:41:22,738-INFO-[add_entry ... OK]
2020-05-27 01:44:08,000-INFO-[conection to mysql server ... OK]
2020-05-27 01:44:08,042-INFO-[init_connection ... OK]
2020-05-27 01:44:08,106-INFO-[add_user ... OK]
2020-05-27 01:48:43,780-INFO-[conection to mysql server ... OK]
2020-05-27 01:48:43,824-INFO-[init_connection ... OK]
2020-05-27 01:48:43,890-INFO-[add_user ... OK]
2020-05-27 01:48:47,949-INFO-[conection to mysql server ... OK]
2020-05-27 01:48:47,949-INFO-[conection to mysql server ... OK]
2020-05-27 01:48:47,991-INFO-[init_connection ... OK]
2020-05-27 01:48:47,991-INFO-[init_connection ... OK]
2020-05-27 01:48:48,059-INFO-[add_user ... OK]
2020-05-27 01:48:48,059-INFO-[add_user ... OK]
2020-05-27 01:49:37,094-INFO-[conection to mysql server ... OK]
2020-05-27 01:49:37,139-INFO-[init_connection ... OK]
2020-05-27 01:49:37,206-INFO-[add_user ... OK]
2020-05-27 01:50:58,637-INFO-[conection to mysql server ... OK]
2020-05-27 01:50:58,683-INFO-[init_connection ... OK]
2020-05-27 01:50:58,751-INFO-[add_user ... OK]
2020-05-27 01:52:37,277-INFO-[conection to mysql server ... OK]
2020-05-27 01:52:37,328-INFO-[init_connection ... OK]
2020-05-27 01:52:37,399-INFO-[add_user ... OK]
2020-05-27 01:54:55,340-INFO-[conection to mysql server ... OK]
2020-05-27 01:54:55,382-INFO-[init_connection ... OK]
2020-05-27 01:54:55,447-INFO-[get_user ... OK]
2020-05-27 01:55:31,637-INFO-[conection to mysql server ... OK]
2020-05-27 01:55:31,687-INFO-[init_connection ... OK]
2020-05-27 01:55:31,778-INFO-[get_user ... OK]
2020-05-27 01:56:07,625-INFO-[conection to mysql server ... OK]
2020-05-27 01:56:07,682-INFO-[init_connection ... OK]
2020-05-27 01:56:07,756-INFO-[get_user ... OK]
2020-05-27 01:57:38,675-INFO-[conection to mysql server ... OK]
2020-05-27 01:57:38,720-INFO-[init_connection ... OK]
2020-05-27 01:57:38,786-INFO-[get_user ... OK]
2020-05-27 01:58:16,817-INFO-[conection to mysql server ... OK]
2020-05-27 01:58:16,862-INFO-[init_connection ... OK]
2020-05-27 01:58:16,929-INFO-[get_user ... OK]
2020-05-27 02:05:03,551-INFO-[conection to mysql server ... OK]
2020-05-27 02:05:03,597-INFO-[init_connection ... OK]
2020-05-27 02:05:03,676-INFO-[get_user ... OK]
2020-05-27 02:06:57,162-INFO-[conection to mysql server ... OK]
2020-05-27 02:06:57,204-INFO-[init_connection ... OK]
2020-05-27 02:06:57,269-INFO-[get_user ... OK]
2020-05-27 02:06:57,493-INFO-[conection to mysql server ... OK]
2020-05-27 02:06:57,493-INFO-[conection to mysql server ... OK]
2020-05-27 02:06:57,537-INFO-[init_connection ... OK]
2020-05-27 02:06:57,537-INFO-[init_connection ... OK]
2020-05-27 02:06:57,580-INFO-[add_entry ... OK]
2020-05-27 02:06:57,580-INFO-[add_entry ... OK]
2020-05-27 02:07:16,235-INFO-[conection to mysql server ... OK]
2020-05-27 02:07:16,280-INFO-[init_connection ... OK]
2020-05-27 02:07:16,348-INFO-[get_user ... OK]
2020-05-27 02:07:22,240-INFO-[conection to mysql server ... OK]
2020-05-27 02:07:22,240-INFO-[conection to mysql server ... OK]
2020-05-27 02:07:22,297-INFO-[init_connection ... OK]
2020-05-27 02:07:22,297-INFO-[init_connection ... OK]
2020-05-27 02:07:22,373-INFO-[get_user ... OK]
2020-05-27 02:07:22,373-INFO-[get_user ... OK]
2020-05-27 02:07:38,870-INFO-[conection to mysql server ... OK]
2020-05-27 02:07:38,870-INFO-[conection to mysql server ... OK]
2020-05-27 02:07:38,870-INFO-[conection to mysql server ... OK]
2020-05-27 02:07:38,913-INFO-[init_connection ... OK]
2020-05-27 02:07:38,913-INFO-[init_connection ... OK]
2020-05-27 02:07:38,913-INFO-[init_connection ... OK]
2020-05-27 02:07:38,978-INFO-[get_user ... OK]
2020-05-27 02:07:38,978-INFO-[get_user ... OK]
2020-05-27 02:07:38,978-INFO-[get_user ... OK]
2020-05-27 02:07:39,208-INFO-[conection to mysql server ... OK]
2020-05-27 02:07:39,208-INFO-[conection to mysql server ... OK]
2020-05-27 02:07:39,208-INFO-[conection to mysql server ... OK]
2020-05-27 02:07:39,208-INFO-[conection to mysql server ... OK]
2020-05-27 02:07:39,252-INFO-[init_connection ... OK]
2020-05-27 02:07:39,252-INFO-[init_connection ... OK]
2020-05-27 02:07:39,252-INFO-[init_connection ... OK]
2020-05-27 02:07:39,252-INFO-[init_connection ... OK]
2020-05-27 02:07:39,295-INFO-[add_entry ... OK]
2020-05-27 02:07:39,295-INFO-[add_entry ... OK]
2020-05-27 02:07:39,295-INFO-[add_entry ... OK]
2020-05-27 02:07:39,295-INFO-[add_entry ... OK]
2020-05-27 02:09:54,179-INFO-[conection to mysql server ... OK]
2020-05-27 02:09:54,179-INFO-[conection to mysql server ... OK]
2020-05-27 02:09:54,179-INFO-[conection to mysql server ... OK]
2020-05-27 02:09:54,179-INFO-[conection to mysql server ... OK]
2020-05-27 02:09:54,179-INFO-[conection to mysql server ... OK]
2020-05-27 02:09:54,220-INFO-[init_connection ... OK]
2020-05-27 02:09:54,220-INFO-[init_connection ... OK]
2020-05-27 02:09:54,220-INFO-[init_connection ... OK]
2020-05-27 02:09:54,220-INFO-[init_connection ... OK]
2020-05-27 02:09:54,220-INFO-[init_connection ... OK]
2020-05-27 02:09:54,282-INFO-[get_user ... OK]
2020-05-27 02:09:54,282-INFO-[get_user ... OK]
2020-05-27 02:09:54,282-INFO-[get_user ... OK]
2020-05-27 02:09:54,282-INFO-[get_user ... OK]
2020-05-27 02:09:54,282-INFO-[get_user ... OK]
2020-05-27 02:09:54,505-INFO-[conection to mysql server ... OK]
2020-05-27 02:09:54,505-INFO-[conection to mysql server ... OK]
2020-05-27 02:09:54,505-INFO-[conection to mysql server ... OK]
2020-05-27 02:09:54,505-INFO-[conection to mysql server ... OK]
2020-05-27 02:09:54,505-INFO-[conection to mysql server ... OK]
2020-05-27 02:09:54,505-INFO-[conection to mysql server ... OK]
2020-05-27 02:09:54,548-INFO-[init_connection ... OK]
2020-05-27 02:09:54,548-INFO-[init_connection ... OK]
2020-05-27 02:09:54,548-INFO-[init_connection ... OK]
2020-05-27 02:09:54,548-INFO-[init_connection ... OK]
2020-05-27 02:09:54,548-INFO-[init_connection ... OK]
2020-05-27 02:09:54,548-INFO-[init_connection ... OK]
2020-05-27 02:09:54,591-INFO-[add_entry ... OK]
2020-05-27 02:09:54,591-INFO-[add_entry ... OK]
2020-05-27 02:09:54,591-INFO-[add_entry ... OK]
2020-05-27 02:09:54,591-INFO-[add_entry ... OK]
2020-05-27 02:09:54,591-INFO-[add_entry ... OK]
2020-05-27 02:09:54,591-INFO-[add_entry ... OK]
2020-05-28 10:48:39,424-INFO-[conection to mysql server ... OK]
2020-05-28 10:48:39,574-INFO-[init_connection ... OK]
2020-05-28 10:48:39,640-INFO-[get_user ... OK]
2020-05-28 10:49:27,394-INFO-[conection to mysql server ... OK]
2020-05-28 10:49:27,394-INFO-[conection to mysql server ... OK]
2020-05-28 10:49:27,434-INFO-[init_connection ... OK]
2020-05-28 10:49:27,434-INFO-[init_connection ... OK]
2020-05-28 10:49:27,495-INFO-[add_user ... OK]
2020-05-28 10:49:27,495-INFO-[add_user ... OK]
2020-05-28 10:49:51,460-INFO-[conection to mysql server ... OK]
2020-05-28 10:49:51,460-INFO-[conection to mysql server ... OK]
2020-05-28 10:49:51,460-INFO-[conection to mysql server ... OK]
2020-05-28 10:49:51,503-INFO-[init_connection ... OK]
2020-05-28 10:49:51,503-INFO-[init_connection ... OK]
2020-05-28 10:49:51,503-INFO-[init_connection ... OK]
2020-05-28 10:49:51,567-INFO-[get_user ... OK]
2020-05-28 10:49:51,567-INFO-[get_user ... OK]
2020-05-28 10:49:51,567-INFO-[get_user ... OK]
2020-05-28 10:50:21,357-INFO-[conection to mysql server ... OK]
2020-05-28 10:50:21,357-INFO-[conection to mysql server ... OK]
2020-05-28 10:50:21,357-INFO-[conection to mysql server ... OK]
2020-05-28 10:50:21,357-INFO-[conection to mysql server ... OK]
2020-05-28 10:50:21,399-INFO-[init_connection ... OK]
2020-05-28 10:50:21,399-INFO-[init_connection ... OK]
2020-05-28 10:50:21,399-INFO-[init_connection ... OK]
2020-05-28 10:50:21,399-INFO-[init_connection ... OK]
2020-05-28 10:50:21,460-INFO-[get_user ... OK]
2020-05-28 10:50:21,460-INFO-[get_user ... OK]
2020-05-28 10:50:21,460-INFO-[get_user ... OK]
2020-05-28 10:50:21,460-INFO-[get_user ... OK]
2020-05-28 10:50:21,669-INFO-[conection to mysql server ... OK]
2020-05-28 10:50:21,669-INFO-[conection to mysql server ... OK]
2020-05-28 10:50:21,669-INFO-[conection to mysql server ... OK]
2020-05-28 10:50:21,669-INFO-[conection to mysql server ... OK]
2020-05-28 10:50:21,669-INFO-[conection to mysql server ... OK]
2020-05-28 10:50:21,711-INFO-[init_connection ... OK]
2020-05-28 10:50:21,711-INFO-[init_connection ... OK]
2020-05-28 10:50:21,711-INFO-[init_connection ... OK]
2020-05-28 10:50:21,711-INFO-[init_connection ... OK]
2020-05-28 10:50:21,711-INFO-[init_connection ... OK]
2020-05-28 10:50:21,753-INFO-[add_entry ... OK]
2020-05-28 10:50:21,753-INFO-[add_entry ... OK]
2020-05-28 10:50:21,753-INFO-[add_entry ... OK]
2020-05-28 10:50:21,753-INFO-[add_entry ... OK]
2020-05-28 10:50:21,753-INFO-[add_entry ... OK]
2020-06-25 21:29:31,822-INFO-[conection to mysql server ... OK]
2020-06-25 21:29:31,831-INFO-[init_connection ... OK]
2020-06-25 21:29:31,846-INFO-[add_user ... OK]
2020-07-07 22:52:47,223-WARNING-[Sequential models without an `input_shape` passed to the first layer cannot reload their optimizer state. As a result, your model isstarting with a freshly initialized optimizer.]
2020-07-07 22:52:52,315-INFO-[conection to mysql server ... OK]
2020-07-07 22:52:52,315-INFO-[conection to mysql server ... OK]
2020-07-07 22:52:52,323-INFO-[init_connection ... OK]
2020-07-07 22:52:52,323-INFO-[init_connection ... OK]
2020-07-07 22:52:52,338-INFO-[get_user ... OK]
2020-07-07 22:52:52,338-INFO-[get_user ... OK]
2020-07-07 22:59:23,536-WARNING-[Sequential models without an `input_shape` passed to the first layer cannot reload their optimizer state. As a result, your model isstarting with a freshly initialized optimizer.]
2020-07-07 22:59:34,495-WARNING-[Sequential models without an `input_shape` passed to the first layer cannot reload their optimizer state. As a result, your model isstarting with a freshly initialized optimizer.]
2020-07-07 22:59:58,235-INFO-[conection to mysql server ... OK]
2020-07-07 22:59:58,235-INFO-[conection to mysql server ... OK]
2020-07-07 22:59:58,244-INFO-[init_connection ... OK]
2020-07-07 22:59:58,244-INFO-[init_connection ... OK]
2020-07-07 22:59:58,258-INFO-[add_user ... OK]
2020-07-07 22:59:58,258-INFO-[add_user ... OK]
2020-07-07 23:01:17,622-WARNING-[Sequential models without an `input_shape` passed to the first layer cannot reload their optimizer state. As a result, your model isstarting with a freshly initialized optimizer.]
2020-07-07 23:01:39,975-INFO-[conection to mysql server ... OK]
2020-07-07 23:01:39,975-INFO-[conection to mysql server ... OK]
2020-07-07 23:01:39,985-INFO-[init_connection ... OK]
2020-07-07 23:01:39,985-INFO-[init_connection ... OK]
2020-07-07 23:01:39,999-INFO-[add_user ... OK]
2020-07-07 23:01:39,999-INFO-[add_user ... OK]
2020-07-07 23:02:57,991-WARNING-[Sequential models without an `input_shape` passed to the first layer cannot reload their optimizer state. As a result, your model isstarting with a freshly initialized optimizer.]
2020-07-07 23:03:20,873-INFO-[conection to mysql server ... OK]
2020-07-07 23:03:20,873-INFO-[conection to mysql server ... OK]
2020-07-07 23:03:20,883-INFO-[init_connection ... OK]
2020-07-07 23:03:20,883-INFO-[init_connection ... OK]
2020-07-07 23:03:20,897-INFO-[add_user ... OK]
2020-07-07 23:03:20,897-INFO-[add_user ... OK]
2020-07-07 23:03:22,772-INFO-[conection to mysql server ... OK]
2020-07-07 23:03:22,772-INFO-[conection to mysql server ... OK]
2020-07-07 23:03:22,772-INFO-[conection to mysql server ... OK]
2020-07-07 23:03:22,782-INFO-[init_connection ... OK]
2020-07-07 23:03:22,782-INFO-[init_connection ... OK]
2020-07-07 23:03:22,782-INFO-[init_connection ... OK]
2020-07-07 23:03:22,797-ERROR-[add_user ... KO ]
2020-07-07 23:03:22,797-ERROR-[add_user ... KO ]
2020-07-07 23:03:22,797-ERROR-[add_user ... KO ]
2020-07-07 23:03:22,797-ERROR-[The error '1062 (23000): Duplicate entry 'anis@anis' for key 'PRIMARY'' occurred]
2020-07-07 23:03:22,797-ERROR-[The error '1062 (23000): Duplicate entry 'anis@anis' for key 'PRIMARY'' occurred]
2020-07-07 23:03:22,797-ERROR-[The error '1062 (23000): Duplicate entry 'anis@anis' for key 'PRIMARY'' occurred]
2020-07-07 23:03:25,771-INFO-[conection to mysql server ... OK]
2020-07-07 23:03:25,771-INFO-[conection to mysql server ... OK]
2020-07-07 23:03:25,771-INFO-[conection to mysql server ... OK]
2020-07-07 23:03:25,771-INFO-[conection to mysql server ... OK]
2020-07-07 23:03:25,781-INFO-[init_connection ... OK]
2020-07-07 23:03:25,781-INFO-[init_connection ... OK]
2020-07-07 23:03:25,781-INFO-[init_connection ... OK]
2020-07-07 23:03:25,781-INFO-[init_connection ... OK]
2020-07-07 23:03:25,796-ERROR-[add_user ... KO ]
2020-07-07 23:03:25,796-ERROR-[add_user ... KO ]
2020-07-07 23:03:25,796-ERROR-[add_user ... KO ]
2020-07-07 23:03:25,796-ERROR-[add_user ... KO ]
2020-07-07 23:03:25,796-ERROR-[The error '1062 (23000): Duplicate entry 'anis@anis' for key 'PRIMARY'' occurred]
2020-07-07 23:03:25,796-ERROR-[The error '1062 (23000): Duplicate entry 'anis@anis' for key 'PRIMARY'' occurred]
2020-07-07 23:03:25,796-ERROR-[The error '1062 (23000): Duplicate entry 'anis@anis' for key 'PRIMARY'' occurred]
2020-07-07 23:03:25,796-ERROR-[The error '1062 (23000): Duplicate entry 'anis@anis' for key 'PRIMARY'' occurred]
2020-07-07 23:03:30,459-INFO-[conection to mysql server ... OK]
2020-07-07 23:03:30,459-INFO-[conection to mysql server ... OK]
2020-07-07 23:03:30,459-INFO-[conection to mysql server ... OK]
2020-07-07 23:03:30,459-INFO-[conection to mysql server ... OK]
2020-07-07 23:03:30,459-INFO-[conection to mysql server ... OK]
2020-07-07 23:03:30,468-INFO-[init_connection ... OK]
2020-07-07 23:03:30,468-INFO-[init_connection ... OK]
2020-07-07 23:03:30,468-INFO-[init_connection ... OK]
2020-07-07 23:03:30,468-INFO-[init_connection ... OK]
2020-07-07 23:03:30,468-INFO-[init_connection ... OK]
2020-07-07 23:03:30,481-INFO-[add_user ... OK]
2020-07-07 23:03:30,481-INFO-[add_user ... OK]
2020-07-07 23:03:30,481-INFO-[add_user ... OK]
2020-07-07 23:03:30,481-INFO-[add_user ... OK]
2020-07-07 23:03:30,481-INFO-[add_user ... OK]
2020-07-07 23:03:32,133-INFO-[conection to mysql server ... OK]
2020-07-07 23:03:32,133-INFO-[conection to mysql server ... OK]
2020-07-07 23:03:32,133-INFO-[conection to mysql server ... OK]
2020-07-07 23:03:32,133-INFO-[conection to mysql server ... OK]
2020-07-07 23:03:32,133-INFO-[conection to mysql server ... OK]
2020-07-07 23:03:32,133-INFO-[conection to mysql server ... OK]
2020-07-07 23:03:32,142-INFO-[init_connection ... OK]
2020-07-07 23:03:32,142-INFO-[init_connection ... OK]
2020-07-07 23:03:32,142-INFO-[init_connection ... OK]
2020-07-07 23:03:32,142-INFO-[init_connection ... OK]
2020-07-07 23:03:32,142-INFO-[init_connection ... OK]
2020-07-07 23:03:32,142-INFO-[init_connection ... OK]
2020-07-07 23:03:32,156-ERROR-[add_user ... KO ]
2020-07-07 23:03:32,156-ERROR-[add_user ... KO ]
2020-07-07 23:03:32,156-ERROR-[add_user ... KO ]
2020-07-07 23:03:32,156-ERROR-[add_user ... KO ]
2020-07-07 23:03:32,156-ERROR-[add_user ... KO ]
2020-07-07 23:03:32,156-ERROR-[add_user ... KO ]
2020-07-07 23:03:32,157-ERROR-[The error '1062 (23000): Duplicate entry 'anis@aniss' for key 'PRIMARY'' occurred]
2020-07-07 23:03:32,157-ERROR-[The error '1062 (23000): Duplicate entry 'anis@aniss' for key 'PRIMARY'' occurred]
2020-07-07 23:03:32,157-ERROR-[The error '1062 (23000): Duplicate entry 'anis@aniss' for key 'PRIMARY'' occurred]
2020-07-07 23:03:32,157-ERROR-[The error '1062 (23000): Duplicate entry 'anis@aniss' for key 'PRIMARY'' occurred]
2020-07-07 23:03:32,157-ERROR-[The error '1062 (23000): Duplicate entry 'anis@aniss' for key 'PRIMARY'' occurred]
2020-07-07 23:03:32,157-ERROR-[The error '1062 (23000): Duplicate entry 'anis@aniss' for key 'PRIMARY'' occurred]
2020-07-07 23:03:34,578-INFO-[conection to mysql server ... OK]
2020-07-07 23:03:34,578-INFO-[conection to mysql server ... OK]
2020-07-07 23:03:34,578-INFO-[conection to mysql server ... OK]
2020-07-07 23:03:34,578-INFO-[conection to mysql server ... OK]
2020-07-07 23:03:34,578-INFO-[conection to mysql server ... OK]
2020-07-07 23:03:34,578-INFO-[conection to mysql server ... OK]
2020-07-07 23:03:34,578-INFO-[conection to mysql server ... OK]
2020-07-07 23:03:34,586-INFO-[init_connection ... OK]
2020-07-07 23:03:34,586-INFO-[init_connection ... OK]
2020-07-07 23:03:34,586-INFO-[init_connection ... OK]
2020-07-07 23:03:34,586-INFO-[init_connection ... OK]
2020-07-07 23:03:34,586-INFO-[init_connection ... OK]
2020-07-07 23:03:34,586-INFO-[init_connection ... OK]
2020-07-07 23:03:34,586-INFO-[init_connection ... OK]
2020-07-07 23:03:34,598-INFO-[add_user ... OK]
2020-07-07 23:03:34,598-INFO-[add_user ... OK]
2020-07-07 23:03:34,598-INFO-[add_user ... OK]
2020-07-07 23:03:34,598-INFO-[add_user ... OK]
2020-07-07 23:03:34,598-INFO-[add_user ... OK]
2020-07-07 23:03:34,598-INFO-[add_user ... OK]
2020-07-07 23:03:34,598-INFO-[add_user ... OK]
2020-07-07 23:04:33,080-WARNING-[Sequential models without an `input_shape` passed to the first layer cannot reload their optimizer state. As a result, your model isstarting with a freshly initialized optimizer.]
2020-07-07 23:04:50,462-INFO-[conection to mysql server ... OK]
2020-07-07 23:04:50,462-INFO-[conection to mysql server ... OK]
2020-07-07 23:04:50,472-INFO-[init_connection ... OK]
2020-07-07 23:04:50,472-INFO-[init_connection ... OK]
2020-07-07 23:04:50,486-INFO-[add_user ... OK]
2020-07-07 23:04:50,486-INFO-[add_user ... OK]
2020-07-07 23:04:55,230-INFO-[conection to mysql server ... OK]
2020-07-07 23:04:55,230-INFO-[conection to mysql server ... OK]
2020-07-07 23:04:55,230-INFO-[conection to mysql server ... OK]
2020-07-07 23:04:55,239-INFO-[init_connection ... OK]
2020-07-07 23:04:55,239-INFO-[init_connection ... OK]
2020-07-07 23:04:55,239-INFO-[init_connection ... OK]
2020-07-07 23:04:55,254-INFO-[get_user ... OK]
2020-07-07 23:04:55,254-INFO-[get_user ... OK]
2020-07-07 23:04:55,254-INFO-[get_user ... OK]
2020-07-07 23:04:55,339-INFO-[conection to mysql server ... OK]
2020-07-07 23:04:55,339-INFO-[conection to mysql server ... OK]
2020-07-07 23:04:55,339-INFO-[conection to mysql server ... OK]
2020-07-07 23:04:55,339-INFO-[conection to mysql server ... OK]
2020-07-07 23:04:55,349-INFO-[init_connection ... OK]
2020-07-07 23:04:55,349-INFO-[init_connection ... OK]
2020-07-07 23:04:55,349-INFO-[init_connection ... OK]
2020-07-07 23:04:55,349-INFO-[init_connection ... OK]
2020-07-07 23:04:55,359-INFO-[add_entry ... OK]
2020-07-07 23:04:55,359-INFO-[add_entry ... OK]
2020-07-07 23:04:55,359-INFO-[add_entry ... OK]
2020-07-07 23:04:55,359-INFO-[add_entry ... OK]
2020-07-07 23:36:38,311-WARNING-[Sequential models without an `input_shape` passed to the first layer cannot reload their optimizer state. As a result, your model isstarting with a freshly initialized optimizer.]
2020-07-07 23:39:44,629-WARNING-[Sequential models without an `input_shape` passed to the first layer cannot reload their optimizer state. As a result, your model isstarting with a freshly initialized optimizer.]
2020-07-07 23:40:48,587-WARNING-[Sequential models without an `input_shape` passed to the first layer cannot reload their optimizer state. As a result, your model isstarting with a freshly initialized optimizer.]
2020-07-07 23:42:28,180-WARNING-[Sequential models without an `input_shape` passed to the first layer cannot reload their optimizer state. As a result, your model isstarting with a freshly initialized optimizer.]
2020-07-07 23:42:54,654-WARNING-[Sequential models without an `input_shape` passed to the first layer cannot reload their optimizer state. As a result, your model isstarting with a freshly initialized optimizer.]
2020-07-07 23:43:33,644-WARNING-[Sequential models without an `input_shape` passed to the first layer cannot reload their optimizer state. As a result, your model isstarting with a freshly initialized optimizer.]
2020-07-07 23:44:30,040-WARNING-[Sequential models without an `input_shape` passed to the first layer cannot reload their optimizer state. As a result, your model isstarting with a freshly initialized optimizer.]
2020-07-07 23:45:18,255-WARNING-[Sequential models without an `input_shape` passed to the first layer cannot reload their optimizer state. As a result, your model isstarting with a freshly initialized optimizer.]
2020-07-07 23:45:32,144-INFO-[conection to mysql server ... OK]
2020-07-07 23:45:32,144-INFO-[conection to mysql server ... OK]
2020-07-07 23:45:32,153-INFO-[init_connection ... OK]
2020-07-07 23:45:32,153-INFO-[init_connection ... OK]
2020-07-07 23:45:32,168-INFO-[get_user ... OK]
2020-07-07 23:45:32,168-INFO-[get_user ... OK]
2020-07-07 23:46:29,436-WARNING-[Sequential models without an `input_shape` passed to the first layer cannot reload their optimizer state. As a result, your model isstarting with a freshly initialized optimizer.]
2020-07-07 23:46:33,311-INFO-[conection to mysql server ... OK]
2020-07-07 23:46:33,311-INFO-[conection to mysql server ... OK]
2020-07-07 23:46:33,320-INFO-[init_connection ... OK]
2020-07-07 23:46:33,320-INFO-[init_connection ... OK]
2020-07-07 23:46:33,333-INFO-[get_user ... OK]
2020-07-07 23:46:33,333-INFO-[get_user ... OK]
2020-07-07 23:50:10,283-WARNING-[Sequential models without an `input_shape` passed to the first layer cannot reload their optimizer state. As a result, your model isstarting with a freshly initialized optimizer.]
2020-07-07 23:52:56,533-WARNING-[Sequential models without an `input_shape` passed to the first layer cannot reload their optimizer state. As a result, your model isstarting with a freshly initialized optimizer.]
2020-07-07 23:53:15,737-WARNING-[Sequential models without an `input_shape` passed to the first layer cannot reload their optimizer state. As a result, your model isstarting with a freshly initialized optimizer.]
2020-07-07 23:53:20,869-INFO-[conection to mysql server ... OK]
2020-07-07 23:53:20,869-INFO-[conection to mysql server ... OK]
2020-07-07 23:53:20,878-INFO-[init_connection ... OK]
2020-07-07 23:53:20,878-INFO-[init_connection ... OK]
2020-07-07 23:53:20,892-INFO-[get_user ... OK]
2020-07-07 23:53:20,892-INFO-[get_user ... OK]
2020-07-07 23:53:25,470-INFO-[conection to mysql server ... OK]
2020-07-07 23:53:25,470-INFO-[conection to mysql server ... OK]
2020-07-07 23:53:25,470-INFO-[conection to mysql server ... OK]
2020-07-07 23:53:25,477-INFO-[init_connection ... OK]
2020-07-07 23:53:25,477-INFO-[init_connection ... OK]
2020-07-07 23:53:25,477-INFO-[init_connection ... OK]
2020-07-07 23:53:25,490-INFO-[get_user ... OK]
2020-07-07 23:53:25,490-INFO-[get_user ... OK]
2020-07-07 23:53:25,490-INFO-[get_user ... OK]
2020-07-07 23:55:34,266-WARNING-[Sequential models without an `input_shape` passed to the first layer cannot reload their optimizer state. As a result, your model isstarting with a freshly initialized optimizer.]
2020-07-07 23:55:41,190-INFO-[conection to mysql server ... OK]
2020-07-07 23:55:41,190-INFO-[conection to mysql server ... OK]
2020-07-07 23:55:41,199-INFO-[init_connection ... OK]
2020-07-07 23:55:41,199-INFO-[init_connection ... OK]
2020-07-07 23:55:41,213-INFO-[get_user ... OK]
2020-07-07 23:55:41,213-INFO-[get_user ... OK]
2020-07-07 23:56:07,168-INFO-[conection to mysql server ... OK]
2020-07-07 23:56:07,168-INFO-[conection to mysql server ... OK]
2020-07-07 23:56:07,168-INFO-[conection to mysql server ... OK]
2020-07-07 23:56:07,177-INFO-[init_connection ... OK]
2020-07-07 23:56:07,177-INFO-[init_connection ... OK]
2020-07-07 23:56:07,177-INFO-[init_connection ... OK]
2020-07-07 23:56:07,190-INFO-[add_user ... OK]
2020-07-07 23:56:07,190-INFO-[add_user ... OK]
2020-07-07 23:56:07,190-INFO-[add_user ... OK]
2020-07-07 23:56:13,501-INFO-[conection to mysql server ... OK]
2020-07-07 23:56:13,501-INFO-[conection to mysql server ... OK]
2020-07-07 23:56:13,501-INFO-[conection to mysql server ... OK]
2020-07-07 23:56:13,501-INFO-[conection to mysql server ... OK]
2020-07-07 23:56:13,509-INFO-[init_connection ... OK]
2020-07-07 23:56:13,509-INFO-[init_connection ... OK]
2020-07-07 23:56:13,509-INFO-[init_connection ... OK]
2020-07-07 23:56:13,509-INFO-[init_connection ... OK]
2020-07-07 23:56:13,522-INFO-[get_user ... OK]
2020-07-07 23:56:13,522-INFO-[get_user ... OK]
2020-07-07 23:56:13,522-INFO-[get_user ... OK]
2020-07-07 23:56:13,522-INFO-[get_user ... OK]
2020-07-07 23:56:13,598-INFO-[conection to mysql server ... OK]
2020-07-07 23:56:13,598-INFO-[conection to mysql server ... OK]
2020-07-07 23:56:13,598-INFO-[conection to mysql server ... OK]
2020-07-07 23:56:13,598-INFO-[conection to mysql server ... OK]
2020-07-07 23:56:13,598-INFO-[conection to mysql server ... OK]
2020-07-07 23:56:13,606-INFO-[init_connection ... OK]
2020-07-07 23:56:13,606-INFO-[init_connection ... OK]
2020-07-07 23:56:13,606-INFO-[init_connection ... OK]
2020-07-07 23:56:13,606-INFO-[init_connection ... OK]
2020-07-07 23:56:13,606-INFO-[init_connection ... OK]
2020-07-07 23:56:13,614-INFO-[add_entry ... OK]
2020-07-07 23:56:13,614-INFO-[add_entry ... OK]
2020-07-07 23:56:13,614-INFO-[add_entry ... OK]
2020-07-07 23:56:13,614-INFO-[add_entry ... OK]
2020-07-07 23:56:13,614-INFO-[add_entry ... OK]
2020-07-08 01:09:58,575-WARNING-[Sequential models without an `input_shape` passed to the first layer cannot reload their optimizer state. As a result, your model isstarting with a freshly initialized optimizer.]
2020-07-08 01:12:21,291-WARNING-[Sequential models without an `input_shape` passed to the first layer cannot reload their optimizer state. As a result, your model isstarting with a freshly initialized optimizer.]
2020-07-08 01:12:45,919-INFO-[conection to mysql server ... OK]
2020-07-08 01:12:45,919-INFO-[conection to mysql server ... OK]
2020-07-08 01:12:45,926-INFO-[init_connection ... OK]
2020-07-08 01:12:45,926-INFO-[init_connection ... OK]
2020-07-08 01:12:45,938-INFO-[get_user ... OK]
2020-07-08 01:12:45,938-INFO-[get_user ... OK]
2020-07-08 01:12:59,425-WARNING-[Sequential models without an `input_shape` passed to the first layer cannot reload their optimizer state. As a result, your model isstarting with a freshly initialized optimizer.]
2020-07-08 01:13:09,371-WARNING-[Sequential models without an `input_shape` passed to the first layer cannot reload their optimizer state. As a result, your model isstarting with a freshly initialized optimizer.]
2020-07-08 01:13:57,755-WARNING-[Sequential models without an `input_shape` passed to the first layer cannot reload their optimizer state. As a result, your model isstarting with a freshly initialized optimizer.]
2020-07-08 01:14:13,868-WARNING-[Sequential models without an `input_shape` passed to the first layer cannot reload their optimizer state. As a result, your model isstarting with a freshly initialized optimizer.]
2020-07-08 01:14:32,397-WARNING-[Sequential models without an `input_shape` passed to the first layer cannot reload their optimizer state. As a result, your model isstarting with a freshly initialized optimizer.]
2020-07-08 01:15:14,464-WARNING-[Sequential models without an `input_shape` passed to the first layer cannot reload their optimizer state. As a result, your model isstarting with a freshly initialized optimizer.]
2020-07-08 01:21:34,776-WARNING-[Sequential models without an `input_shape` passed to the first layer cannot reload their optimizer state. As a result, your model isstarting with a freshly initialized optimizer.]
2020-07-08 01:22:43,659-WARNING-[Sequential models without an `input_shape` passed to the first layer cannot reload their optimizer state. As a result, your model isstarting with a freshly initialized optimizer.]
2020-07-08 01:23:55,478-WARNING-[Sequential models without an `input_shape` passed to the first layer cannot reload their optimizer state. As a result, your model isstarting with a freshly initialized optimizer.]
2020-07-08 01:24:39,089-WARNING-[Sequential models without an `input_shape` passed to the first layer cannot reload their optimizer state. As a result, your model isstarting with a freshly initialized optimizer.]
2020-07-08 01:32:07,372-WARNING-[Sequential models without an `input_shape` passed to the first layer cannot reload their optimizer state. As a result, your model isstarting with a freshly initialized optimizer.]
2020-07-08 01:33:20,466-WARNING-[Sequential models without an `input_shape` passed to the first layer cannot reload their optimizer state. As a result, your model isstarting with a freshly initialized optimizer.]
2020-07-08 01:43:54,177-WARNING-[Sequential models without an `input_shape` passed to the first layer cannot reload their optimizer state. As a result, your model isstarting with a freshly initialized optimizer.]
2020-07-08 01:45:03,460-WARNING-[Sequential models without an `input_shape` passed to the first layer cannot reload their optimizer state. As a result, your model isstarting with a freshly initialized optimizer.]
2020-07-08 01:46:00,025-WARNING-[Sequential models without an `input_shape` passed to the first layer cannot reload their optimizer state. As a result, your model isstarting with a freshly initialized optimizer.]
2020-07-08 01:47:06,307-WARNING-[Sequential models without an `input_shape` passed to the first layer cannot reload their optimizer state. As a result, your model isstarting with a freshly initialized optimizer.]
2020-07-08 02:07:01,689-WARNING-[Sequential models without an `input_shape` passed to the first layer cannot reload their optimizer state. As a result, your model isstarting with a freshly initialized optimizer.]
2020-07-08 02:08:26,439-WARNING-[Sequential models without an `input_shape` passed to the first layer cannot reload their optimizer state. As a result, your model isstarting with a freshly initialized optimizer.]
2020-07-08 02:15:56,421-WARNING-[Sequential models without an `input_shape` passed to the first layer cannot reload their optimizer state. As a result, your model isstarting with a freshly initialized optimizer.]
2020-07-08 02:16:47,184-WARNING-[Sequential models without an `input_shape` passed to the first layer cannot reload their optimizer state. As a result, your model isstarting with a freshly initialized optimizer.]
2020-07-08 02:18:45,500-WARNING-[Sequential models without an `input_shape` passed to the first layer cannot reload their optimizer state. As a result, your model isstarting with a freshly initialized optimizer.]
2020-07-08 02:19:10,427-WARNING-[Sequential models without an `input_shape` passed to the first layer cannot reload their optimizer state. As a result, your model isstarting with a freshly initialized optimizer.]
2020-07-08 02:20:27,120-WARNING-[Sequential models without an `input_shape` passed to the first layer cannot reload their optimizer state. As a result, your model isstarting with a freshly initialized optimizer.]
2020-07-08 02:21:44,273-WARNING-[Sequential models without an `input_shape` passed to the first layer cannot reload their optimizer state. As a result, your model isstarting with a freshly initialized optimizer.]
2020-07-08 02:22:17,610-WARNING-[Sequential models without an `input_shape` passed to the first layer cannot reload their optimizer state. As a result, your model isstarting with a freshly initialized optimizer.]
2020-07-08 02:24:05,715-WARNING-[Sequential models without an `input_shape` passed to the first layer cannot reload their optimizer state. As a result, your model isstarting with a freshly initialized optimizer.]
2020-07-08 02:25:46,706-WARNING-[Sequential models without an `input_shape` passed to the first layer cannot reload their optimizer state. As a result, your model isstarting with a freshly initialized optimizer.]
2020-07-08 02:26:52,592-WARNING-[Sequential models without an `input_shape` passed to the first layer cannot reload their optimizer state. As a result, your model isstarting with a freshly initialized optimizer.]
2020-07-08 02:29:06,464-WARNING-[Sequential models without an `input_shape` passed to the first layer cannot reload their optimizer state. As a result, your model isstarting with a freshly initialized optimizer.]
2020-07-08 02:31:12,067-WARNING-[Sequential models without an `input_shape` passed to the first layer cannot reload their optimizer state. As a result, your model isstarting with a freshly initialized optimizer.]
2020-07-08 02:31:55,042-WARNING-[Sequential models without an `input_shape` passed to the first layer cannot reload their optimizer state. As a result, your model isstarting with a freshly initialized optimizer.]
2020-07-08 02:34:30,118-WARNING-[Sequential models without an `input_shape` passed to the first layer cannot reload their optimizer state. As a result, your model isstarting with a freshly initialized optimizer.]
2020-07-08 02:35:51,722-WARNING-[Sequential models without an `input_shape` passed to the first layer cannot reload their optimizer state. As a result, your model isstarting with a freshly initialized optimizer.]
2020-07-08 02:36:36,870-WARNING-[Sequential models without an `input_shape` passed to the first layer cannot reload their optimizer state. As a result, your model isstarting with a freshly initialized optimizer.]
2020-07-08 03:04:30,957-WARNING-[Sequential models without an `input_shape` passed to the first layer cannot reload their optimizer state. As a result, your model isstarting with a freshly initialized optimizer.]
2020-07-08 03:05:23,091-DEBUG-[espeakng: executing ['espeak-ng', '-a', '100', '-k', '0', '-l', '0', '-p', '50', '-s', '175', '-v', 'fr', '-b', '1', b'Mots d\xc3\xa9tect\xc3\xa9s  : TJJ J']]
2020-07-08 03:05:26,362-DEBUG-[espeakng: executing ['espeak-ng', '-a', '100', '-k', '0', '-l', '0', '-p', '50', '-s', '175', '-v', 'fr', '-b', '1', b'Mots d\xc3\xa9tect\xc3\xa9s  : TJJ J']]
2020-07-08 03:05:31,324-DEBUG-[espeakng: executing ['espeak-ng', '-a', '100', '-k', '0', '-l', '0', '-p', '50', '-s', '175', '-v', 'fr', '-b', '1', b'Mots d\xc3\xa9tect\xc3\xa9s  : TJJ J']]
2020-07-08 03:20:43,853-WARNING-[Sequential models without an `input_shape` passed to the first layer cannot reload their optimizer state. As a result, your model isstarting with a freshly initialized optimizer.]
2020-07-08 03:21:04,685-DEBUG-[text: Mots dtects  : OOM]
2020-07-08 03:21:04,685-DEBUG-[tld: com]
2020-07-08 03:21:04,685-DEBUG-[lang: fr]
2020-07-08 03:21:04,685-DEBUG-[slow: False]
2020-07-08 03:21:04,685-DEBUG-[lang_check: True]
2020-07-08 03:21:04,685-DEBUG-[pre_processor_funcs: [<function tone_marks at 0x7f4caeaeb830>, <function end_of_line at 0x7f4caeaf6200>, <function abbreviations at 0x7f4caeaf6170>, <function word_sub at 0x7f4caeaf6290>]]
2020-07-08 03:21:04,685-DEBUG-[tokenizer_func: <bound method Tokenizer.run of re.compile('(?<=\\?).|(?<=!).|(?<=).|(?<=).|(?<!\\.[a-z])\\. |(?<!\\.[a-z]), |(?<!\\d):||\\[||||||\\(|\\]|||;|\\\n|\\)||', re.IGNORECASE) from: [<function tone_marks at 0x7f4caeaf6050>, <function period_comma at 0x7f4caeaf6a70>, <function colon at 0x7f4caeaf6b00>, <function other_punctuation at 0x7f4caeaf6b90>]>]
2020-07-08 03:21:04,685-DEBUG-[Fetching with 'com' tld]
2020-07-08 03:21:04,774-DEBUG-[Starting new HTTPS connection (1): translate.google.com:443]
2020-07-08 03:21:04,837-DEBUG-[https://translate.google.com:443 "GET / HTTP/1.1" 200 None]
2020-07-08 03:21:04,862-DEBUG-[Starting new HTTPS connection (1): translate.google.com:443]
2020-07-08 03:21:04,890-DEBUG-[https://translate.google.com:443 "GET ///translate/releases/twsfe_w_20200622_RC00/r/js/translate_m.js HTTP/1.1" 200 569307]
2020-07-08 03:21:05,005-DEBUG-[langs: {'af': 'Afrikaans', 'sq': 'Albanian', 'ar': 'Arabic', 'hy': 'Armenian', 'bn': 'Bengali', 'bs': 'Bosnian', 'ca': 'Catalan', 'hr': 'Croatian', 'cs': 'Czech', 'da': 'Danish', 'nl': 'Dutch', 'en': 'English', 'eo': 'Esperanto', 'et': 'Estonian', 'tl': 'Filipino', 'fi': 'Finnish', 'fr': 'French', 'de': 'German', 'el': 'Greek', 'gu': 'Gujarati', 'hi': 'Hindi', 'hu': 'Hungarian', 'is': 'Icelandic', 'id': 'Indonesian', 'it': 'Italian', 'ja': 'Japanese', 'jw': 'Javanese', 'kn': 'Kannada', 'km': 'Khmer', 'ko': 'Korean', 'la': 'Latin', 'lv': 'Latvian', 'mk': 'Macedonian', 'ml': 'Malayalam', 'mr': 'Marathi', 'my': 'Myanmar (Burmese)', 'ne': 'Nepali', 'no': 'Norwegian', 'pl': 'Polish', 'pt': 'Portuguese', 'ro': 'Romanian', 'ru': 'Russian', 'sr': 'Serbian', 'si': 'Sinhala', 'sk': 'Slovak', 'es': 'Spanish', 'su': 'Sundanese', 'sw': 'Swahili', 'sv': 'Swedish', 'ta': 'Tamil', 'te': 'Telugu', 'th': 'Thai', 'tr': 'Turkish', 'uk': 'Ukrainian', 'ur': 'Urdu', 'vi': 'Vietnamese', 'cy': 'Welsh', 'zh-cn': 'Chinese (Mandarin/China)', 'zh-tw': 'Chinese (Mandarin/Taiwan)', 'en-us': 'English (US)', 'en-ca': 'English (Canada)', 'en-uk': 'English (UK)', 'en-gb': 'English (UK)', 'en-au': 'English (Australia)', 'en-gh': 'English (Ghana)', 'en-in': 'English (India)', 'en-ie': 'English (Ireland)', 'en-nz': 'English (New Zealand)', 'en-ng': 'English (Nigeria)', 'en-ph': 'English (Philippines)', 'en-za': 'English (South Africa)', 'en-tz': 'English (Tanzania)', 'fr-ca': 'French (Canada)', 'fr-fr': 'French (France)', 'pt-br': 'Portuguese (Brazil)', 'pt-pt': 'Portuguese (Portugal)', 'es-es': 'Spanish (Spain)', 'es-us': 'Spanish (United States)'}]
2020-07-08 03:21:05,005-DEBUG-[pre-processing: <function tone_marks at 0x7f4caeaeb830>]
2020-07-08 03:21:05,006-DEBUG-[pre-processing: <function end_of_line at 0x7f4caeaf6200>]
2020-07-08 03:21:05,006-DEBUG-[pre-processing: <function abbreviations at 0x7f4caeaf6170>]
2020-07-08 03:21:05,006-DEBUG-[pre-processing: <function word_sub at 0x7f4caeaf6290>]
2020-07-08 03:21:05,006-DEBUG-[text_parts: 1]
2020-07-08 03:21:05,008-DEBUG-[Starting new HTTPS connection (1): translate.google.com:443]
2020-07-08 03:21:05,071-DEBUG-[https://translate.google.com:443 "GET / HTTP/1.1" 200 None]
2020-07-08 03:21:05,085-DEBUG-[payload-0: {'ie': 'UTF-8', 'q': 'Mots dtects  : OOM', 'tl': 'fr', 'ttsspeed': 1, 'total': 1, 'idx': 0, 'client': 'tw-ob', 'textlen': 20, 'tk': '288892.174517'}]
2020-07-08 03:21:05,086-DEBUG-[Starting new HTTPS connection (1): translate.google.com:443]
2020-07-08 03:21:05,254-DEBUG-[https://translate.google.com:443 "GET /translate_tts?ie=UTF-8&q=Mots+d%C3%A9tect%C3%A9s++%3A+OOM&tl=fr&ttsspeed=1&total=1&idx=0&client=tw-ob&textlen=20&tk=288892.174517 HTTP/1.1" 200 7776]
2020-07-08 03:21:05,255-DEBUG-[headers-0: {'Referer': 'http://translate.google.com/', 'User-Agent': 'Mozilla/5.0 (Windows NT 10.0; WOW64) AppleWebKit/537.36 (KHTML, like Gecko) Chrome/47.0.2526.106 Safari/537.36'}]
2020-07-08 03:21:05,255-DEBUG-[url-0: https://translate.google.com/translate_tts?ie=UTF-8&q=Mots+d%C3%A9tect%C3%A9s++%3A+OOM&tl=fr&ttsspeed=1&total=1&idx=0&client=tw-ob&textlen=20&tk=288892.174517]
2020-07-08 03:21:05,255-DEBUG-[status-0: 200]
2020-07-08 03:21:05,255-DEBUG-[part-0 written to <_io.BufferedWriter name='../resources/audio/output.mp3'>]
2020-07-08 03:21:05,255-DEBUG-[Saved to ../resources/audio/output.mp3]
2020-07-08 03:21:10,186-DEBUG-[text: Mots dtects  : OOM]
2020-07-08 03:21:10,186-DEBUG-[tld: com]
2020-07-08 03:21:10,186-DEBUG-[lang: fr]
2020-07-08 03:21:10,186-DEBUG-[slow: False]
2020-07-08 03:21:10,187-DEBUG-[lang_check: True]
2020-07-08 03:21:10,187-DEBUG-[pre_processor_funcs: [<function tone_marks at 0x7f4caeaeb830>, <function end_of_line at 0x7f4caeaf6200>, <function abbreviations at 0x7f4caeaf6170>, <function word_sub at 0x7f4caeaf6290>]]
2020-07-08 03:21:10,187-DEBUG-[tokenizer_func: <bound method Tokenizer.run of re.compile('(?<=\\?).|(?<=!).|(?<=).|(?<=).|(?<!\\.[a-z])\\. |(?<!\\.[a-z]), |(?<!\\d):||\\[||||||\\(|\\]|||;|\\\n|\\)||', re.IGNORECASE) from: [<function tone_marks at 0x7f4caeaf6050>, <function period_comma at 0x7f4caeaf6a70>, <function colon at 0x7f4caeaf6b00>, <function other_punctuation at 0x7f4caeaf6b90>]>]
2020-07-08 03:21:10,187-DEBUG-[Fetching with 'com' tld]
2020-07-08 03:21:10,188-DEBUG-[Starting new HTTPS connection (1): translate.google.com:443]
2020-07-08 03:21:10,250-DEBUG-[https://translate.google.com:443 "GET / HTTP/1.1" 200 None]
2020-07-08 03:21:10,271-DEBUG-[Starting new HTTPS connection (1): translate.google.com:443]
2020-07-08 03:21:10,297-DEBUG-[https://translate.google.com:443 "GET ///translate/releases/twsfe_w_20200622_RC00/r/js/translate_m.js HTTP/1.1" 200 569307]
2020-07-08 03:21:10,364-DEBUG-[langs: {'af': 'Afrikaans', 'sq': 'Albanian', 'ar': 'Arabic', 'hy': 'Armenian', 'bn': 'Bengali', 'bs': 'Bosnian', 'ca': 'Catalan', 'hr': 'Croatian', 'cs': 'Czech', 'da': 'Danish', 'nl': 'Dutch', 'en': 'English', 'eo': 'Esperanto', 'et': 'Estonian', 'tl': 'Filipino', 'fi': 'Finnish', 'fr': 'French', 'de': 'German', 'el': 'Greek', 'gu': 'Gujarati', 'hi': 'Hindi', 'hu': 'Hungarian', 'is': 'Icelandic', 'id': 'Indonesian', 'it': 'Italian', 'ja': 'Japanese', 'jw': 'Javanese', 'kn': 'Kannada', 'km': 'Khmer', 'ko': 'Korean', 'la': 'Latin', 'lv': 'Latvian', 'mk': 'Macedonian', 'ml': 'Malayalam', 'mr': 'Marathi', 'my': 'Myanmar (Burmese)', 'ne': 'Nepali', 'no': 'Norwegian', 'pl': 'Polish', 'pt': 'Portuguese', 'ro': 'Romanian', 'ru': 'Russian', 'sr': 'Serbian', 'si': 'Sinhala', 'sk': 'Slovak', 'es': 'Spanish', 'su': 'Sundanese', 'sw': 'Swahili', 'sv': 'Swedish', 'ta': 'Tamil', 'te': 'Telugu', 'th': 'Thai', 'tr': 'Turkish', 'uk': 'Ukrainian', 'ur': 'Urdu', 'vi': 'Vietnamese', 'cy': 'Welsh', 'zh-cn': 'Chinese (Mandarin/China)', 'zh-tw': 'Chinese (Mandarin/Taiwan)', 'en-us': 'English (US)', 'en-ca': 'English (Canada)', 'en-uk': 'English (UK)', 'en-gb': 'English (UK)', 'en-au': 'English (Australia)', 'en-gh': 'English (Ghana)', 'en-in': 'English (India)', 'en-ie': 'English (Ireland)', 'en-nz': 'English (New Zealand)', 'en-ng': 'English (Nigeria)', 'en-ph': 'English (Philippines)', 'en-za': 'English (South Africa)', 'en-tz': 'English (Tanzania)', 'fr-ca': 'French (Canada)', 'fr-fr': 'French (France)', 'pt-br': 'Portuguese (Brazil)', 'pt-pt': 'Portuguese (Portugal)', 'es-es': 'Spanish (Spain)', 'es-us': 'Spanish (United States)'}]
2020-07-08 03:21:10,364-DEBUG-[pre-processing: <function tone_marks at 0x7f4caeaeb830>]
2020-07-08 03:21:10,364-DEBUG-[pre-processing: <function end_of_line at 0x7f4caeaf6200>]
2020-07-08 03:21:10,364-DEBUG-[pre-processing: <function abbreviations at 0x7f4caeaf6170>]
2020-07-08 03:21:10,364-DEBUG-[pre-processing: <function word_sub at 0x7f4caeaf6290>]
2020-07-08 03:21:10,364-DEBUG-[text_parts: 1]
2020-07-08 03:21:10,365-DEBUG-[Starting new HTTPS connection (1): translate.google.com:443]
2020-07-08 03:21:10,432-DEBUG-[https://translate.google.com:443 "GET / HTTP/1.1" 200 None]
2020-07-08 03:21:10,444-DEBUG-[payload-0: {'ie': 'UTF-8', 'q': 'Mots dtects  : OOM', 'tl': 'fr', 'ttsspeed': 1, 'total': 1, 'idx': 0, 'client': 'tw-ob', 'textlen': 20, 'tk': '288892.174517'}]
2020-07-08 03:21:10,444-DEBUG-[Starting new HTTPS connection (1): translate.google.com:443]
2020-07-08 03:21:10,576-DEBUG-[https://translate.google.com:443 "GET /translate_tts?ie=UTF-8&q=Mots+d%C3%A9tect%C3%A9s++%3A+OOM&tl=fr&ttsspeed=1&total=1&idx=0&client=tw-ob&textlen=20&tk=288892.174517 HTTP/1.1" 200 7776]
2020-07-08 03:21:10,576-DEBUG-[headers-0: {'Referer': 'http://translate.google.com/', 'User-Agent': 'Mozilla/5.0 (Windows NT 10.0; WOW64) AppleWebKit/537.36 (KHTML, like Gecko) Chrome/47.0.2526.106 Safari/537.36'}]
2020-07-08 03:21:10,576-DEBUG-[url-0: https://translate.google.com/translate_tts?ie=UTF-8&q=Mots+d%C3%A9tect%C3%A9s++%3A+OOM&tl=fr&ttsspeed=1&total=1&idx=0&client=tw-ob&textlen=20&tk=288892.174517]
2020-07-08 03:21:10,576-DEBUG-[status-0: 200]
2020-07-08 03:21:10,576-DEBUG-[part-0 written to <_io.BufferedWriter name='../resources/audio/output.mp3'>]
2020-07-08 03:21:10,577-DEBUG-[Saved to ../resources/audio/output.mp3]
2020-07-08 03:21:19,113-DEBUG-[text: Mots dtects  : OOMJ]
2020-07-08 03:21:19,113-DEBUG-[tld: com]
2020-07-08 03:21:19,114-DEBUG-[lang: fr]
2020-07-08 03:21:19,114-DEBUG-[slow: False]
2020-07-08 03:21:19,114-DEBUG-[lang_check: True]
2020-07-08 03:21:19,114-DEBUG-[pre_processor_funcs: [<function tone_marks at 0x7f4caeaeb830>, <function end_of_line at 0x7f4caeaf6200>, <function abbreviations at 0x7f4caeaf6170>, <function word_sub at 0x7f4caeaf6290>]]
2020-07-08 03:21:19,114-DEBUG-[tokenizer_func: <bound method Tokenizer.run of re.compile('(?<=\\?).|(?<=!).|(?<=).|(?<=).|(?<!\\.[a-z])\\. |(?<!\\.[a-z]), |(?<!\\d):||\\[||||||\\(|\\]|||;|\\\n|\\)||', re.IGNORECASE) from: [<function tone_marks at 0x7f4caeaf6050>, <function period_comma at 0x7f4caeaf6a70>, <function colon at 0x7f4caeaf6b00>, <function other_punctuation at 0x7f4caeaf6b90>]>]
2020-07-08 03:21:19,114-DEBUG-[Fetching with 'com' tld]
2020-07-08 03:21:19,116-DEBUG-[Starting new HTTPS connection (1): translate.google.com:443]
2020-07-08 03:21:19,184-DEBUG-[https://translate.google.com:443 "GET / HTTP/1.1" 200 None]
2020-07-08 03:21:19,206-DEBUG-[Starting new HTTPS connection (1): translate.google.com:443]
2020-07-08 03:21:19,233-DEBUG-[https://translate.google.com:443 "GET ///translate/releases/twsfe_w_20200622_RC00/r/js/translate_m.js HTTP/1.1" 200 569307]
2020-07-08 03:21:19,340-DEBUG-[langs: {'af': 'Afrikaans', 'sq': 'Albanian', 'ar': 'Arabic', 'hy': 'Armenian', 'bn': 'Bengali', 'bs': 'Bosnian', 'ca': 'Catalan', 'hr': 'Croatian', 'cs': 'Czech', 'da': 'Danish', 'nl': 'Dutch', 'en': 'English', 'eo': 'Esperanto', 'et': 'Estonian', 'tl': 'Filipino', 'fi': 'Finnish', 'fr': 'French', 'de': 'German', 'el': 'Greek', 'gu': 'Gujarati', 'hi': 'Hindi', 'hu': 'Hungarian', 'is': 'Icelandic', 'id': 'Indonesian', 'it': 'Italian', 'ja': 'Japanese', 'jw': 'Javanese', 'kn': 'Kannada', 'km': 'Khmer', 'ko': 'Korean', 'la': 'Latin', 'lv': 'Latvian', 'mk': 'Macedonian', 'ml': 'Malayalam', 'mr': 'Marathi', 'my': 'Myanmar (Burmese)', 'ne': 'Nepali', 'no': 'Norwegian', 'pl': 'Polish', 'pt': 'Portuguese', 'ro': 'Romanian', 'ru': 'Russian', 'sr': 'Serbian', 'si': 'Sinhala', 'sk': 'Slovak', 'es': 'Spanish', 'su': 'Sundanese', 'sw': 'Swahili', 'sv': 'Swedish', 'ta': 'Tamil', 'te': 'Telugu', 'th': 'Thai', 'tr': 'Turkish', 'uk': 'Ukrainian', 'ur': 'Urdu', 'vi': 'Vietnamese', 'cy': 'Welsh', 'zh-cn': 'Chinese (Mandarin/China)', 'zh-tw': 'Chinese (Mandarin/Taiwan)', 'en-us': 'English (US)', 'en-ca': 'English (Canada)', 'en-uk': 'English (UK)', 'en-gb': 'English (UK)', 'en-au': 'English (Australia)', 'en-gh': 'English (Ghana)', 'en-in': 'English (India)', 'en-ie': 'English (Ireland)', 'en-nz': 'English (New Zealand)', 'en-ng': 'English (Nigeria)', 'en-ph': 'English (Philippines)', 'en-za': 'English (South Africa)', 'en-tz': 'English (Tanzania)', 'fr-ca': 'French (Canada)', 'fr-fr': 'French (France)', 'pt-br': 'Portuguese (Brazil)', 'pt-pt': 'Portuguese (Portugal)', 'es-es': 'Spanish (Spain)', 'es-us': 'Spanish (United States)'}]
2020-07-08 03:21:19,340-DEBUG-[pre-processing: <function tone_marks at 0x7f4caeaeb830>]
2020-07-08 03:21:19,340-DEBUG-[pre-processing: <function end_of_line at 0x7f4caeaf6200>]
2020-07-08 03:21:19,340-DEBUG-[pre-processing: <function abbreviations at 0x7f4caeaf6170>]
2020-07-08 03:21:19,341-DEBUG-[pre-processing: <function word_sub at 0x7f4caeaf6290>]
2020-07-08 03:21:19,341-DEBUG-[text_parts: 1]
2020-07-08 03:21:19,342-DEBUG-[Starting new HTTPS connection (1): translate.google.com:443]
2020-07-08 03:21:19,405-DEBUG-[https://translate.google.com:443 "GET / HTTP/1.1" 200 None]
2020-07-08 03:21:19,416-DEBUG-[payload-0: {'ie': 'UTF-8', 'q': 'Mots dtects  : OOMJ', 'tl': 'fr', 'ttsspeed': 1, 'total': 1, 'idx': 0, 'client': 'tw-ob', 'textlen': 21, 'tk': '971087.528518'}]
2020-07-08 03:21:19,417-DEBUG-[Starting new HTTPS connection (1): translate.google.com:443]
2020-07-08 03:21:19,529-DEBUG-[https://translate.google.com:443 "GET /translate_tts?ie=UTF-8&q=Mots+d%C3%A9tect%C3%A9s++%3A+OOMJ&tl=fr&ttsspeed=1&total=1&idx=0&client=tw-ob&textlen=21&tk=971087.528518 HTTP/1.1" 200 8352]
2020-07-08 03:21:19,530-DEBUG-[headers-0: {'Referer': 'http://translate.google.com/', 'User-Agent': 'Mozilla/5.0 (Windows NT 10.0; WOW64) AppleWebKit/537.36 (KHTML, like Gecko) Chrome/47.0.2526.106 Safari/537.36'}]
2020-07-08 03:21:19,530-DEBUG-[url-0: https://translate.google.com/translate_tts?ie=UTF-8&q=Mots+d%C3%A9tect%C3%A9s++%3A+OOMJ&tl=fr&ttsspeed=1&total=1&idx=0&client=tw-ob&textlen=21&tk=971087.528518]
2020-07-08 03:21:19,530-DEBUG-[status-0: 200]
2020-07-08 03:21:19,530-DEBUG-[part-0 written to <_io.BufferedWriter name='../resources/audio/output.mp3'>]
2020-07-08 03:21:19,530-DEBUG-[Saved to ../resources/audio/output.mp3]
