2020-05-07 21:16:52,403/INFO-[conection to mysql server ... OK]
2020-05-07 21:16:52,448/INFO-[init_connection ... OK]
2020-05-07 21:17:59,799-INFO-[conection to mysql server ... OK]
2020-05-07 21:17:59,842-INFO-[init_connection ... OK]
2020-05-08 16:50:15,925-INFO-[conection to mysql server ... OK]
2020-05-08 16:50:15,967-INFO-[init_connection ... OK]
2020-05-08 16:50:30,400-INFO-[conection to mysql server ... OK]
2020-05-08 16:50:30,445-INFO-[init_connection ... OK]
2020-05-08 16:55:49,961-INFO-[conection to mysql server ... OK]
2020-05-08 16:55:50,004-INFO-[init_connection ... OK]
2020-05-08 16:56:00,285-INFO-[conection to mysql server ... OK]
2020-05-08 16:56:00,329-INFO-[init_connection ... OK]
2020-05-08 16:56:04,171-INFO-[conection to mysql server ... OK]
2020-05-08 16:56:04,215-INFO-[init_connection ... OK]
2020-05-08 16:57:14,996-INFO-[conection to mysql server ... OK]
2020-05-08 16:57:15,037-INFO-[init_connection ... OK]
2020-05-08 16:57:15,079-ERROR-[add_user ... KO ]
2020-05-08 16:57:15,079-ERROR-[The error '1146 (42S02): Table 'projet_annuel.INTOuser' doesn't exist' occurred]
2020-05-08 16:58:31,876-INFO-[conection to mysql server ... OK]
2020-05-08 16:58:31,919-INFO-[init_connection ... OK]
2020-05-08 16:58:31,983-ERROR-[add_user ... KO ]
2020-05-08 16:58:31,984-ERROR-[The error '1146 (42S02): Table 'projet_annuel.INTOuser' doesn't exist' occurred]
2020-05-08 17:00:05,382-INFO-[conection to mysql server ... OK]
2020-05-08 17:00:05,426-INFO-[init_connection ... OK]
2020-05-08 17:00:05,495-INFO-[add_user ... OK]
2020-05-08 17:01:08,668-INFO-[conection to mysql server ... OK]
2020-05-08 17:01:08,712-INFO-[init_connection ... OK]
2020-05-08 17:01:08,777-ERROR-[add_user ... KO ]
2020-05-08 17:01:08,777-ERROR-[The error '1146 (42S02): Table 'projet_annuel.INTOuser' doesn't exist' occurred]
2020-05-08 17:02:02,413-INFO-[conection to mysql server ... OK]
2020-05-08 17:02:02,455-INFO-[init_connection ... OK]
2020-05-08 17:02:02,517-ERROR-[add_user ... KO ]
2020-05-08 17:02:02,517-ERROR-[The error '1146 (42S02): Table 'projet_annuel.INTOuser' doesn't exist' occurred]
2020-05-08 17:02:32,883-INFO-[conection to mysql server ... OK]
2020-05-08 17:02:32,926-INFO-[init_connection ... OK]
2020-05-08 17:02:32,989-ERROR-[add_user ... KO ]
2020-05-08 17:02:32,990-ERROR-[The error '1146 (42S02): Table 'projet_annuel.INTOuser' doesn't exist' occurred]
2020-05-08 17:02:44,170-INFO-[conection to mysql server ... OK]
2020-05-08 17:02:44,214-INFO-[init_connection ... OK]
2020-05-08 17:02:44,279-ERROR-[add_user ... KO ]
2020-05-08 17:02:44,279-ERROR-[The error '1146 (42S02): Table 'projet_annuel.INTOuser' doesn't exist' occurred]
2020-05-08 17:03:26,435-INFO-[conection to mysql server ... OK]
2020-05-08 17:03:26,477-INFO-[init_connection ... OK]
2020-05-08 17:03:26,540-ERROR-[add_user ... KO ]
2020-05-08 17:03:26,540-ERROR-[The error '1146 (42S02): Table 'projet_annuel.INTOuser' doesn't exist' occurred]
2020-05-08 17:03:38,837-INFO-[conection to mysql server ... OK]
2020-05-08 17:03:38,881-INFO-[init_connection ... OK]
2020-05-08 17:03:38,945-INFO-[add_user ... OK]
2020-05-08 17:07:32,391-INFO-[conection to mysql server ... OK]
2020-05-08 17:07:32,438-INFO-[init_connection ... OK]
2020-05-08 17:08:43,959-INFO-[conection to mysql server ... OK]
2020-05-08 17:08:44,002-INFO-[init_connection ... OK]
2020-05-08 17:09:10,828-INFO-[conection to mysql server ... OK]
2020-05-08 17:09:10,873-INFO-[init_connection ... OK]
2020-05-08 17:09:10,940-INFO-[add_user ... OK]
2020-05-08 17:09:11,166-INFO-[conection to mysql server ... OK]
2020-05-08 17:09:11,166-INFO-[conection to mysql server ... OK]
2020-05-08 17:09:11,217-INFO-[init_connection ... OK]
2020-05-08 17:09:11,217-INFO-[init_connection ... OK]
2020-05-08 17:09:50,348-INFO-[conection to mysql server ... OK]
2020-05-08 17:09:50,391-INFO-[init_connection ... OK]
2020-05-08 17:09:50,455-INFO-[add_user ... OK]
2020-05-08 17:09:50,686-INFO-[conection to mysql server ... OK]
2020-05-08 17:09:50,686-INFO-[conection to mysql server ... OK]
2020-05-08 17:09:50,730-INFO-[init_connection ... OK]
2020-05-08 17:09:50,730-INFO-[init_connection ... OK]
2020-05-08 17:09:50,797-ERROR-[add_admin ... KO ]
2020-05-08 17:09:50,797-ERROR-[add_admin ... KO ]
2020-05-08 17:09:50,798-ERROR-[The error '1064 (42000): You have an error in your SQL syntax; check the manual that corresponds to your MySQL server version for the right syntax to use near ') VALUES ('nom','prenom','email','password','2020-02-01' )' at line 1' occurred]
2020-05-08 17:09:50,798-ERROR-[The error '1064 (42000): You have an error in your SQL syntax; check the manual that corresponds to your MySQL server version for the right syntax to use near ') VALUES ('nom','prenom','email','password','2020-02-01' )' at line 1' occurred]
2020-05-08 17:10:25,398-INFO-[conection to mysql server ... OK]
2020-05-08 17:10:25,438-INFO-[init_connection ... OK]
2020-05-08 17:10:25,498-INFO-[add_user ... OK]
2020-05-08 17:10:25,712-INFO-[conection to mysql server ... OK]
2020-05-08 17:10:25,712-INFO-[conection to mysql server ... OK]
2020-05-08 17:10:25,753-INFO-[init_connection ... OK]
2020-05-08 17:10:25,753-INFO-[init_connection ... OK]
2020-05-08 17:10:25,815-INFO-[add_admin ... OK]
2020-05-08 17:10:25,815-INFO-[add_admin ... OK]
2020-05-08 17:10:32,831-INFO-[conection to mysql server ... OK]
2020-05-08 17:10:32,871-INFO-[init_connection ... OK]
2020-05-08 17:10:32,933-INFO-[add_user ... OK]
2020-05-08 17:10:33,142-INFO-[conection to mysql server ... OK]
2020-05-08 17:10:33,142-INFO-[conection to mysql server ... OK]
2020-05-08 17:10:33,186-INFO-[init_connection ... OK]
2020-05-08 17:10:33,186-INFO-[init_connection ... OK]
2020-05-08 17:10:33,250-INFO-[add_admin ... OK]
2020-05-08 17:10:33,250-INFO-[add_admin ... OK]
2020-05-08 17:12:52,508-INFO-[conection to mysql server ... OK]
2020-05-08 17:12:52,553-INFO-[init_connection ... OK]
2020-05-08 17:12:52,621-INFO-[add_user ... OK]
2020-05-08 17:12:52,848-INFO-[conection to mysql server ... OK]
2020-05-08 17:12:52,848-INFO-[conection to mysql server ... OK]
2020-05-08 17:12:52,891-INFO-[init_connection ... OK]
2020-05-08 17:12:52,891-INFO-[init_connection ... OK]
2020-05-08 17:12:52,935-INFO-[add_admin ... OK]
2020-05-08 17:12:52,935-INFO-[add_admin ... OK]
2020-05-08 17:16:51,089-INFO-[conection to mysql server ... OK]
2020-05-08 17:16:51,134-INFO-[init_connection ... OK]
2020-05-08 17:16:51,202-INFO-[add_user ... OK]
2020-05-08 17:16:51,446-INFO-[conection to mysql server ... OK]
2020-05-08 17:16:51,446-INFO-[conection to mysql server ... OK]
2020-05-08 17:16:51,489-INFO-[init_connection ... OK]
2020-05-08 17:16:51,489-INFO-[init_connection ... OK]
2020-05-08 17:16:51,530-INFO-[add_admin ... OK]
2020-05-08 17:16:51,530-INFO-[add_admin ... OK]
2020-05-08 17:17:01,476-INFO-[conection to mysql server ... OK]
2020-05-08 17:17:01,523-INFO-[init_connection ... OK]
2020-05-08 17:17:01,591-INFO-[add_user ... OK]
2020-05-08 17:17:01,838-INFO-[conection to mysql server ... OK]
2020-05-08 17:17:01,838-INFO-[conection to mysql server ... OK]
2020-05-08 17:17:01,881-INFO-[init_connection ... OK]
2020-05-08 17:17:01,881-INFO-[init_connection ... OK]
2020-05-08 17:17:01,923-INFO-[add_admin ... OK]
2020-05-08 17:17:01,923-INFO-[add_admin ... OK]
2020-05-08 17:37:19,906-INFO-[conection to mysql server ... OK]
2020-05-08 17:37:19,950-INFO-[init_connection ... OK]
2020-05-08 17:37:20,017-INFO-[add_user ... OK]
2020-05-08 17:37:20,269-INFO-[conection to mysql server ... OK]
2020-05-08 17:37:20,269-INFO-[conection to mysql server ... OK]
2020-05-08 17:37:20,312-INFO-[init_connection ... OK]
2020-05-08 17:37:20,312-INFO-[init_connection ... OK]
2020-05-08 17:37:20,356-INFO-[add_admin ... OK]
2020-05-08 17:37:20,356-INFO-[add_admin ... OK]
2020-05-08 17:37:30,695-INFO-[conection to mysql server ... OK]
2020-05-08 17:37:30,738-INFO-[init_connection ... OK]
2020-05-08 17:37:30,802-INFO-[add_user ... OK]
2020-05-08 17:37:31,048-INFO-[conection to mysql server ... OK]
2020-05-08 17:37:31,048-INFO-[conection to mysql server ... OK]
2020-05-08 17:37:31,090-INFO-[init_connection ... OK]
2020-05-08 17:37:31,090-INFO-[init_connection ... OK]
2020-05-08 17:37:31,133-INFO-[add_admin ... OK]
2020-05-08 17:37:31,133-INFO-[add_admin ... OK]
2020-05-08 17:38:04,540-INFO-[conection to mysql server ... OK]
2020-05-08 17:38:04,583-INFO-[init_connection ... OK]
2020-05-08 17:38:04,647-INFO-[add_user ... OK]
2020-05-08 17:38:04,893-INFO-[conection to mysql server ... OK]
2020-05-08 17:38:04,893-INFO-[conection to mysql server ... OK]
2020-05-08 17:38:04,935-INFO-[init_connection ... OK]
2020-05-08 17:38:04,935-INFO-[init_connection ... OK]
2020-05-08 17:38:04,976-INFO-[add_admin ... OK]
2020-05-08 17:38:04,976-INFO-[add_admin ... OK]
2020-05-08 17:38:10,037-INFO-[conection to mysql server ... OK]
2020-05-08 17:38:10,080-INFO-[init_connection ... OK]
2020-05-08 17:38:10,145-ERROR-[add_user ... KO ]
2020-05-08 17:38:10,145-ERROR-[The error '1062 (23000): Duplicate entry 'email' for key 'PRIMARY'' occurred]
2020-05-08 17:38:10,407-INFO-[conection to mysql server ... OK]
2020-05-08 17:38:10,407-INFO-[conection to mysql server ... OK]
2020-05-08 17:38:10,452-INFO-[init_connection ... OK]
2020-05-08 17:38:10,452-INFO-[init_connection ... OK]
2020-05-08 17:38:10,497-ERROR-[add_admin ... KO ]
2020-05-08 17:38:10,497-ERROR-[add_admin ... KO ]
2020-05-08 17:38:10,498-ERROR-[The error '1062 (23000): Duplicate entry 'email' for key 'PRIMARY'' occurred]
2020-05-08 17:38:10,498-ERROR-[The error '1062 (23000): Duplicate entry 'email' for key 'PRIMARY'' occurred]
2020-05-13 14:22:30,944-INFO-[conection to mysql server ... OK]
2020-05-13 14:22:30,996-INFO-[init_connection ... OK]
2020-05-13 14:22:31,062-ERROR-[add_user ... KO ]
2020-05-13 14:22:31,062-ERROR-[The error '1062 (23000): Duplicate entry 'email' for key 'PRIMARY'' occurred]
2020-05-13 14:22:31,319-INFO-[conection to mysql server ... OK]
2020-05-13 14:22:31,319-INFO-[conection to mysql server ... OK]
2020-05-13 14:22:31,363-INFO-[init_connection ... OK]
2020-05-13 14:22:31,363-INFO-[init_connection ... OK]
2020-05-13 14:22:31,408-ERROR-[add_admin ... KO ]
2020-05-13 14:22:31,408-ERROR-[add_admin ... KO ]
2020-05-13 14:22:31,408-ERROR-[The error '1062 (23000): Duplicate entry 'email' for key 'PRIMARY'' occurred]
2020-05-13 14:22:31,408-ERROR-[The error '1062 (23000): Duplicate entry 'email' for key 'PRIMARY'' occurred]
2020-05-13 14:22:31,649-INFO-[conection to mysql server ... OK]
2020-05-13 14:22:31,649-INFO-[conection to mysql server ... OK]
2020-05-13 14:22:31,649-INFO-[conection to mysql server ... OK]
2020-05-13 14:22:31,691-INFO-[init_connection ... OK]
2020-05-13 14:22:31,691-INFO-[init_connection ... OK]
2020-05-13 14:22:31,691-INFO-[init_connection ... OK]
2020-05-13 14:22:31,734-ERROR-[add_entry ... KO ]
2020-05-13 14:22:31,734-ERROR-[add_entry ... KO ]
2020-05-13 14:22:31,734-ERROR-[add_entry ... KO ]
2020-05-13 14:22:31,734-ERROR-[The error '1146 (42S02): Table 'projet_annuel.history' doesn't exist' occurred]
2020-05-13 14:22:31,734-ERROR-[The error '1146 (42S02): Table 'projet_annuel.history' doesn't exist' occurred]
2020-05-13 14:22:31,734-ERROR-[The error '1146 (42S02): Table 'projet_annuel.history' doesn't exist' occurred]
2020-05-13 14:25:06,059-INFO-[conection to mysql server ... OK]
2020-05-13 14:25:06,101-INFO-[init_connection ... OK]
2020-05-13 14:25:06,164-ERROR-[add_user ... KO ]
2020-05-13 14:25:06,164-ERROR-[The error '1062 (23000): Duplicate entry 'email' for key 'PRIMARY'' occurred]
2020-05-13 14:25:06,408-INFO-[conection to mysql server ... OK]
2020-05-13 14:25:06,408-INFO-[conection to mysql server ... OK]
2020-05-13 14:25:06,451-INFO-[init_connection ... OK]
2020-05-13 14:25:06,451-INFO-[init_connection ... OK]
2020-05-13 14:25:06,495-ERROR-[add_admin ... KO ]
2020-05-13 14:25:06,495-ERROR-[add_admin ... KO ]
2020-05-13 14:25:06,495-ERROR-[The error '1062 (23000): Duplicate entry 'email' for key 'PRIMARY'' occurred]
2020-05-13 14:25:06,495-ERROR-[The error '1062 (23000): Duplicate entry 'email' for key 'PRIMARY'' occurred]
2020-05-13 14:25:06,704-INFO-[conection to mysql server ... OK]
2020-05-13 14:25:06,704-INFO-[conection to mysql server ... OK]
2020-05-13 14:25:06,704-INFO-[conection to mysql server ... OK]
2020-05-13 14:25:06,745-INFO-[init_connection ... OK]
2020-05-13 14:25:06,745-INFO-[init_connection ... OK]
2020-05-13 14:25:06,745-INFO-[init_connection ... OK]
2020-05-13 14:25:06,786-INFO-[add_entry ... OK]
2020-05-13 14:25:06,786-INFO-[add_entry ... OK]
2020-05-13 14:25:06,786-INFO-[add_entry ... OK]
2020-05-13 14:25:33,249-INFO-[conection to mysql server ... OK]
2020-05-13 14:25:33,290-INFO-[init_connection ... OK]
2020-05-13 14:25:33,352-ERROR-[add_user ... KO ]
2020-05-13 14:25:33,353-ERROR-[The error '1062 (23000): Duplicate entry 'email' for key 'PRIMARY'' occurred]
2020-05-13 14:25:33,585-INFO-[conection to mysql server ... OK]
2020-05-13 14:25:33,585-INFO-[conection to mysql server ... OK]
2020-05-13 14:25:33,629-INFO-[init_connection ... OK]
2020-05-13 14:25:33,629-INFO-[init_connection ... OK]
2020-05-13 14:25:33,672-ERROR-[add_admin ... KO ]
2020-05-13 14:25:33,672-ERROR-[add_admin ... KO ]
2020-05-13 14:25:33,672-ERROR-[The error '1062 (23000): Duplicate entry 'email' for key 'PRIMARY'' occurred]
2020-05-13 14:25:33,672-ERROR-[The error '1062 (23000): Duplicate entry 'email' for key 'PRIMARY'' occurred]
2020-05-13 14:25:33,943-INFO-[conection to mysql server ... OK]
2020-05-13 14:25:33,943-INFO-[conection to mysql server ... OK]
2020-05-13 14:25:33,943-INFO-[conection to mysql server ... OK]
2020-05-13 14:25:33,985-INFO-[init_connection ... OK]
2020-05-13 14:25:33,985-INFO-[init_connection ... OK]
2020-05-13 14:25:33,985-INFO-[init_connection ... OK]
2020-05-13 14:25:34,030-ERROR-[add_entry ... KO ]
2020-05-13 14:25:34,030-ERROR-[add_entry ... KO ]
2020-05-13 14:25:34,030-ERROR-[add_entry ... KO ]
2020-05-13 14:25:34,030-ERROR-[The error '1062 (23000): Duplicate entry 'email' for key 'PRIMARY'' occurred]
2020-05-13 14:25:34,030-ERROR-[The error '1062 (23000): Duplicate entry 'email' for key 'PRIMARY'' occurred]
2020-05-13 14:25:34,030-ERROR-[The error '1062 (23000): Duplicate entry 'email' for key 'PRIMARY'' occurred]
2020-05-13 14:25:47,808-INFO-[conection to mysql server ... OK]
2020-05-13 14:25:47,853-INFO-[init_connection ... OK]
2020-05-13 14:25:47,919-ERROR-[add_user ... KO ]
2020-05-13 14:25:47,919-ERROR-[The error '1062 (23000): Duplicate entry 'email' for key 'PRIMARY'' occurred]
2020-05-13 14:25:48,161-INFO-[conection to mysql server ... OK]
2020-05-13 14:25:48,161-INFO-[conection to mysql server ... OK]
2020-05-13 14:25:48,206-INFO-[init_connection ... OK]
2020-05-13 14:25:48,206-INFO-[init_connection ... OK]
2020-05-13 14:25:48,251-ERROR-[add_admin ... KO ]
2020-05-13 14:25:48,251-ERROR-[add_admin ... KO ]
2020-05-13 14:25:48,252-ERROR-[The error '1062 (23000): Duplicate entry 'email' for key 'PRIMARY'' occurred]
2020-05-13 14:25:48,252-ERROR-[The error '1062 (23000): Duplicate entry 'email' for key 'PRIMARY'' occurred]
2020-05-13 14:25:48,476-INFO-[conection to mysql server ... OK]
2020-05-13 14:25:48,476-INFO-[conection to mysql server ... OK]
2020-05-13 14:25:48,476-INFO-[conection to mysql server ... OK]
2020-05-13 14:25:48,520-INFO-[init_connection ... OK]
2020-05-13 14:25:48,520-INFO-[init_connection ... OK]
2020-05-13 14:25:48,520-INFO-[init_connection ... OK]
2020-05-13 14:25:48,563-ERROR-[add_entry ... KO ]
2020-05-13 14:25:48,563-ERROR-[add_entry ... KO ]
2020-05-13 14:25:48,563-ERROR-[add_entry ... KO ]
2020-05-13 14:25:48,564-ERROR-[The error '1062 (23000): Duplicate entry 'email' for key 'PRIMARY'' occurred]
2020-05-13 14:25:48,564-ERROR-[The error '1062 (23000): Duplicate entry 'email' for key 'PRIMARY'' occurred]
2020-05-13 14:25:48,564-ERROR-[The error '1062 (23000): Duplicate entry 'email' for key 'PRIMARY'' occurred]
2020-05-13 14:25:59,782-INFO-[conection to mysql server ... OK]
2020-05-13 14:25:59,830-INFO-[init_connection ... OK]
2020-05-13 14:25:59,898-ERROR-[add_user ... KO ]
2020-05-13 14:25:59,899-ERROR-[The error '1062 (23000): Duplicate entry 'email' for key 'PRIMARY'' occurred]
2020-05-13 14:26:00,279-INFO-[conection to mysql server ... OK]
2020-05-13 14:26:00,279-INFO-[conection to mysql server ... OK]
2020-05-13 14:26:00,322-INFO-[init_connection ... OK]
2020-05-13 14:26:00,322-INFO-[init_connection ... OK]
2020-05-13 14:26:00,368-ERROR-[add_admin ... KO ]
2020-05-13 14:26:00,368-ERROR-[add_admin ... KO ]
2020-05-13 14:26:00,368-ERROR-[The error '1062 (23000): Duplicate entry 'email' for key 'PRIMARY'' occurred]
2020-05-13 14:26:00,368-ERROR-[The error '1062 (23000): Duplicate entry 'email' for key 'PRIMARY'' occurred]
2020-05-13 14:26:00,626-INFO-[conection to mysql server ... OK]
2020-05-13 14:26:00,626-INFO-[conection to mysql server ... OK]
2020-05-13 14:26:00,626-INFO-[conection to mysql server ... OK]
2020-05-13 14:26:00,670-INFO-[init_connection ... OK]
2020-05-13 14:26:00,670-INFO-[init_connection ... OK]
2020-05-13 14:26:00,670-INFO-[init_connection ... OK]
2020-05-13 14:26:00,715-ERROR-[add_entry ... KO ]
2020-05-13 14:26:00,715-ERROR-[add_entry ... KO ]
2020-05-13 14:26:00,715-ERROR-[add_entry ... KO ]
2020-05-13 14:26:00,715-ERROR-[The error '1062 (23000): Duplicate entry 'email' for key 'PRIMARY'' occurred]
2020-05-13 14:26:00,715-ERROR-[The error '1062 (23000): Duplicate entry 'email' for key 'PRIMARY'' occurred]
2020-05-13 14:26:00,715-ERROR-[The error '1062 (23000): Duplicate entry 'email' for key 'PRIMARY'' occurred]
2020-05-13 14:28:05,177-INFO-[conection to mysql server ... OK]
2020-05-13 14:28:05,221-INFO-[init_connection ... OK]
2020-05-13 14:28:05,287-ERROR-[add_user ... KO ]
2020-05-13 14:28:05,288-ERROR-[The error '1062 (23000): Duplicate entry 'email' for key 'PRIMARY'' occurred]
2020-05-13 14:28:05,527-INFO-[conection to mysql server ... OK]
2020-05-13 14:28:05,527-INFO-[conection to mysql server ... OK]
2020-05-13 14:28:05,569-INFO-[init_connection ... OK]
2020-05-13 14:28:05,569-INFO-[init_connection ... OK]
2020-05-13 14:28:05,611-ERROR-[add_admin ... KO ]
2020-05-13 14:28:05,611-ERROR-[add_admin ... KO ]
2020-05-13 14:28:05,612-ERROR-[The error '1062 (23000): Duplicate entry 'email' for key 'PRIMARY'' occurred]
2020-05-13 14:28:05,612-ERROR-[The error '1062 (23000): Duplicate entry 'email' for key 'PRIMARY'' occurred]
2020-05-13 14:28:05,859-INFO-[conection to mysql server ... OK]
2020-05-13 14:28:05,859-INFO-[conection to mysql server ... OK]
2020-05-13 14:28:05,859-INFO-[conection to mysql server ... OK]
2020-05-13 14:28:05,902-INFO-[init_connection ... OK]
2020-05-13 14:28:05,902-INFO-[init_connection ... OK]
2020-05-13 14:28:05,902-INFO-[init_connection ... OK]
2020-05-13 14:28:05,945-INFO-[add_entry ... OK]
2020-05-13 14:28:05,945-INFO-[add_entry ... OK]
2020-05-13 14:28:05,945-INFO-[add_entry ... OK]
2020-05-13 14:28:25,151-INFO-[conection to mysql server ... OK]
2020-05-13 14:28:25,194-INFO-[init_connection ... OK]
2020-05-13 14:28:25,260-ERROR-[add_user ... KO ]
2020-05-13 14:28:25,260-ERROR-[The error '1062 (23000): Duplicate entry 'email' for key 'PRIMARY'' occurred]
2020-05-13 14:28:25,514-INFO-[conection to mysql server ... OK]
2020-05-13 14:28:25,514-INFO-[conection to mysql server ... OK]
2020-05-13 14:28:25,559-INFO-[init_connection ... OK]
2020-05-13 14:28:25,559-INFO-[init_connection ... OK]
2020-05-13 14:28:25,604-ERROR-[add_admin ... KO ]
2020-05-13 14:28:25,604-ERROR-[add_admin ... KO ]
2020-05-13 14:28:25,604-ERROR-[The error '1062 (23000): Duplicate entry 'email' for key 'PRIMARY'' occurred]
2020-05-13 14:28:25,604-ERROR-[The error '1062 (23000): Duplicate entry 'email' for key 'PRIMARY'' occurred]
2020-05-13 14:28:25,859-INFO-[conection to mysql server ... OK]
2020-05-13 14:28:25,859-INFO-[conection to mysql server ... OK]
2020-05-13 14:28:25,859-INFO-[conection to mysql server ... OK]
2020-05-13 14:28:25,902-INFO-[init_connection ... OK]
2020-05-13 14:28:25,902-INFO-[init_connection ... OK]
2020-05-13 14:28:25,902-INFO-[init_connection ... OK]
2020-05-13 14:28:25,945-INFO-[add_entry ... OK]
2020-05-13 14:28:25,945-INFO-[add_entry ... OK]
2020-05-13 14:28:25,945-INFO-[add_entry ... OK]
2020-05-13 14:29:07,533-INFO-[conection to mysql server ... OK]
2020-05-13 14:29:07,578-INFO-[init_connection ... OK]
2020-05-13 14:29:07,647-ERROR-[add_user ... KO ]
2020-05-13 14:29:07,647-ERROR-[The error '1062 (23000): Duplicate entry 'email' for key 'PRIMARY'' occurred]
2020-05-13 14:29:07,899-INFO-[conection to mysql server ... OK]
2020-05-13 14:29:07,899-INFO-[conection to mysql server ... OK]
2020-05-13 14:29:07,944-INFO-[init_connection ... OK]
2020-05-13 14:29:07,944-INFO-[init_connection ... OK]
2020-05-13 14:29:07,989-ERROR-[add_admin ... KO ]
2020-05-13 14:29:07,989-ERROR-[add_admin ... KO ]
2020-05-13 14:29:07,989-ERROR-[The error '1062 (23000): Duplicate entry 'email' for key 'PRIMARY'' occurred]
2020-05-13 14:29:07,989-ERROR-[The error '1062 (23000): Duplicate entry 'email' for key 'PRIMARY'' occurred]
2020-05-13 14:29:08,232-INFO-[conection to mysql server ... OK]
2020-05-13 14:29:08,232-INFO-[conection to mysql server ... OK]
2020-05-13 14:29:08,232-INFO-[conection to mysql server ... OK]
2020-05-13 14:29:08,274-INFO-[init_connection ... OK]
2020-05-13 14:29:08,274-INFO-[init_connection ... OK]
2020-05-13 14:29:08,274-INFO-[init_connection ... OK]
2020-05-13 14:29:08,317-INFO-[add_entry ... OK]
2020-05-13 14:29:08,317-INFO-[add_entry ... OK]
2020-05-13 14:29:08,317-INFO-[add_entry ... OK]
2020-05-13 14:29:20,457-INFO-[conection to mysql server ... OK]
2020-05-13 14:29:20,499-INFO-[init_connection ... OK]
2020-05-13 14:29:20,562-ERROR-[add_user ... KO ]
2020-05-13 14:29:20,562-ERROR-[The error '1062 (23000): Duplicate entry 'email' for key 'PRIMARY'' occurred]
2020-05-13 14:29:20,801-INFO-[conection to mysql server ... OK]
2020-05-13 14:29:20,801-INFO-[conection to mysql server ... OK]
2020-05-13 14:29:20,842-INFO-[init_connection ... OK]
2020-05-13 14:29:20,842-INFO-[init_connection ... OK]
2020-05-13 14:29:20,885-ERROR-[add_admin ... KO ]
2020-05-13 14:29:20,885-ERROR-[add_admin ... KO ]
2020-05-13 14:29:20,885-ERROR-[The error '1062 (23000): Duplicate entry 'email' for key 'PRIMARY'' occurred]
2020-05-13 14:29:20,885-ERROR-[The error '1062 (23000): Duplicate entry 'email' for key 'PRIMARY'' occurred]
2020-05-13 14:29:21,119-INFO-[conection to mysql server ... OK]
2020-05-13 14:29:21,119-INFO-[conection to mysql server ... OK]
2020-05-13 14:29:21,119-INFO-[conection to mysql server ... OK]
2020-05-13 14:29:21,161-INFO-[init_connection ... OK]
2020-05-13 14:29:21,161-INFO-[init_connection ... OK]
2020-05-13 14:29:21,161-INFO-[init_connection ... OK]
2020-05-13 14:29:21,203-INFO-[add_entry ... OK]
2020-05-13 14:29:21,203-INFO-[add_entry ... OK]
2020-05-13 14:29:21,203-INFO-[add_entry ... OK]
2020-05-13 14:30:08,887-INFO-[conection to mysql server ... OK]
2020-05-13 14:30:08,932-INFO-[init_connection ... OK]
2020-05-13 14:30:09,001-ERROR-[add_user ... KO ]
2020-05-13 14:30:09,001-ERROR-[The error '1062 (23000): Duplicate entry 'email' for key 'PRIMARY'' occurred]
2020-05-13 14:30:09,250-INFO-[conection to mysql server ... OK]
2020-05-13 14:30:09,250-INFO-[conection to mysql server ... OK]
2020-05-13 14:30:09,294-INFO-[init_connection ... OK]
2020-05-13 14:30:09,294-INFO-[init_connection ... OK]
2020-05-13 14:30:09,339-ERROR-[add_admin ... KO ]
2020-05-13 14:30:09,339-ERROR-[add_admin ... KO ]
2020-05-13 14:30:09,339-ERROR-[The error '1062 (23000): Duplicate entry 'email' for key 'PRIMARY'' occurred]
2020-05-13 14:30:09,339-ERROR-[The error '1062 (23000): Duplicate entry 'email' for key 'PRIMARY'' occurred]
2020-05-13 14:30:09,586-INFO-[conection to mysql server ... OK]
2020-05-13 14:30:09,586-INFO-[conection to mysql server ... OK]
2020-05-13 14:30:09,586-INFO-[conection to mysql server ... OK]
2020-05-13 14:30:09,630-INFO-[init_connection ... OK]
2020-05-13 14:30:09,630-INFO-[init_connection ... OK]
2020-05-13 14:30:09,630-INFO-[init_connection ... OK]
2020-05-13 14:30:09,673-INFO-[add_entry ... OK]
2020-05-13 14:30:09,673-INFO-[add_entry ... OK]
2020-05-13 14:30:09,673-INFO-[add_entry ... OK]
2020-05-13 14:30:18,106-INFO-[conection to mysql server ... OK]
2020-05-13 14:30:18,149-INFO-[init_connection ... OK]
2020-05-13 14:30:18,214-ERROR-[add_user ... KO ]
2020-05-13 14:30:18,214-ERROR-[The error '1062 (23000): Duplicate entry 'email' for key 'PRIMARY'' occurred]
2020-05-13 14:30:18,468-INFO-[conection to mysql server ... OK]
2020-05-13 14:30:18,468-INFO-[conection to mysql server ... OK]
2020-05-13 14:30:18,512-INFO-[init_connection ... OK]
2020-05-13 14:30:18,512-INFO-[init_connection ... OK]
2020-05-13 14:30:18,558-ERROR-[add_admin ... KO ]
2020-05-13 14:30:18,558-ERROR-[add_admin ... KO ]
2020-05-13 14:30:18,558-ERROR-[The error '1062 (23000): Duplicate entry 'email' for key 'PRIMARY'' occurred]
2020-05-13 14:30:18,558-ERROR-[The error '1062 (23000): Duplicate entry 'email' for key 'PRIMARY'' occurred]
2020-05-13 14:30:18,783-INFO-[conection to mysql server ... OK]
2020-05-13 14:30:18,783-INFO-[conection to mysql server ... OK]
2020-05-13 14:30:18,783-INFO-[conection to mysql server ... OK]
2020-05-13 14:30:18,828-INFO-[init_connection ... OK]
2020-05-13 14:30:18,828-INFO-[init_connection ... OK]
2020-05-13 14:30:18,828-INFO-[init_connection ... OK]
2020-05-13 14:30:18,873-INFO-[add_entry ... OK]
2020-05-13 14:30:18,873-INFO-[add_entry ... OK]
2020-05-13 14:30:18,873-INFO-[add_entry ... OK]
2020-05-13 14:31:08,179-INFO-[conection to mysql server ... OK]
2020-05-13 14:31:08,225-INFO-[init_connection ... OK]
2020-05-13 14:31:08,293-ERROR-[add_user ... KO ]
2020-05-13 14:31:08,293-ERROR-[The error '1062 (23000): Duplicate entry 'email' for key 'PRIMARY'' occurred]
2020-05-13 14:31:08,525-INFO-[conection to mysql server ... OK]
2020-05-13 14:31:08,525-INFO-[conection to mysql server ... OK]
2020-05-13 14:31:08,568-INFO-[init_connection ... OK]
2020-05-13 14:31:08,568-INFO-[init_connection ... OK]
2020-05-13 14:31:08,611-ERROR-[add_admin ... KO ]
2020-05-13 14:31:08,611-ERROR-[add_admin ... KO ]
2020-05-13 14:31:08,611-ERROR-[The error '1062 (23000): Duplicate entry 'email' for key 'PRIMARY'' occurred]
2020-05-13 14:31:08,611-ERROR-[The error '1062 (23000): Duplicate entry 'email' for key 'PRIMARY'' occurred]
2020-05-13 14:31:08,862-INFO-[conection to mysql server ... OK]
2020-05-13 14:31:08,862-INFO-[conection to mysql server ... OK]
2020-05-13 14:31:08,862-INFO-[conection to mysql server ... OK]
2020-05-13 14:31:08,907-INFO-[init_connection ... OK]
2020-05-13 14:31:08,907-INFO-[init_connection ... OK]
2020-05-13 14:31:08,907-INFO-[init_connection ... OK]
2020-05-13 14:31:08,952-INFO-[add_entry ... OK]
2020-05-13 14:31:08,952-INFO-[add_entry ... OK]
2020-05-13 14:31:08,952-INFO-[add_entry ... OK]
2020-05-13 14:33:01,504-INFO-[conection to mysql server ... OK]
2020-05-13 14:33:01,548-INFO-[init_connection ... OK]
2020-05-13 14:33:01,614-ERROR-[add_user ... KO ]
2020-05-13 14:33:01,614-ERROR-[The error '1062 (23000): Duplicate entry 'email' for key 'PRIMARY'' occurred]
2020-05-13 14:33:01,857-INFO-[conection to mysql server ... OK]
2020-05-13 14:33:01,857-INFO-[conection to mysql server ... OK]
2020-05-13 14:33:01,899-INFO-[init_connection ... OK]
2020-05-13 14:33:01,899-INFO-[init_connection ... OK]
2020-05-13 14:33:01,941-ERROR-[add_admin ... KO ]
2020-05-13 14:33:01,941-ERROR-[add_admin ... KO ]
2020-05-13 14:33:01,941-ERROR-[The error '1062 (23000): Duplicate entry 'email' for key 'PRIMARY'' occurred]
2020-05-13 14:33:01,941-ERROR-[The error '1062 (23000): Duplicate entry 'email' for key 'PRIMARY'' occurred]
2020-05-13 14:33:02,175-INFO-[conection to mysql server ... OK]
2020-05-13 14:33:02,175-INFO-[conection to mysql server ... OK]
2020-05-13 14:33:02,175-INFO-[conection to mysql server ... OK]
2020-05-13 14:33:02,217-INFO-[init_connection ... OK]
2020-05-13 14:33:02,217-INFO-[init_connection ... OK]
2020-05-13 14:33:02,217-INFO-[init_connection ... OK]
2020-05-13 14:33:02,260-INFO-[add_entry ... OK]
2020-05-13 14:33:02,260-INFO-[add_entry ... OK]
2020-05-13 14:33:02,260-INFO-[add_entry ... OK]
2020-05-13 14:33:10,768-INFO-[conection to mysql server ... OK]
2020-05-13 14:33:10,809-INFO-[init_connection ... OK]
2020-05-13 14:33:10,871-ERROR-[add_user ... KO ]
2020-05-13 14:33:10,871-ERROR-[The error '1062 (23000): Duplicate entry 'email' for key 'PRIMARY'' occurred]
2020-05-13 14:33:11,092-INFO-[conection to mysql server ... OK]
2020-05-13 14:33:11,092-INFO-[conection to mysql server ... OK]
2020-05-13 14:33:11,133-INFO-[init_connection ... OK]
2020-05-13 14:33:11,133-INFO-[init_connection ... OK]
2020-05-13 14:33:11,175-ERROR-[add_admin ... KO ]
2020-05-13 14:33:11,175-ERROR-[add_admin ... KO ]
2020-05-13 14:33:11,175-ERROR-[The error '1062 (23000): Duplicate entry 'email' for key 'PRIMARY'' occurred]
2020-05-13 14:33:11,175-ERROR-[The error '1062 (23000): Duplicate entry 'email' for key 'PRIMARY'' occurred]
2020-05-13 14:33:11,468-INFO-[conection to mysql server ... OK]
2020-05-13 14:33:11,468-INFO-[conection to mysql server ... OK]
2020-05-13 14:33:11,468-INFO-[conection to mysql server ... OK]
2020-05-13 14:33:11,526-INFO-[init_connection ... OK]
2020-05-13 14:33:11,526-INFO-[init_connection ... OK]
2020-05-13 14:33:11,526-INFO-[init_connection ... OK]
2020-05-13 14:33:11,579-INFO-[add_entry ... OK]
2020-05-13 14:33:11,579-INFO-[add_entry ... OK]
2020-05-13 14:33:11,579-INFO-[add_entry ... OK]
